device=cpu
step=0 max_u=2.0000e+00 c_mean=2.1305e-02
step=10 max_u=2.0000e+00 c_mean=2.3143e-01
step=20 max_u=2.0000e+00 c_mean=4.3684e-01
step=30 max_u=2.0000e+00 c_mean=6.3873e-01
step=40 max_u=2.0000e+00 c_mean=8.3752e-01
step=50 max_u=2.0000e+00 c_mean=1.0336e+00
step=60 max_u=2.0000e+00 c_mean=1.2269e+00
step=70 max_u=2.0000e+00 c_mean=1.4170e+00
step=80 max_u=2.0000e+00 c_mean=1.6031e+00
step=90 max_u=2.0000e+00 c_mean=1.7849e+00
step=100 max_u=2.0000e+00 c_mean=1.9626e+00
step=110 max_u=2.0000e+00 c_mean=2.1365e+00
step=120 max_u=2.0000e+00 c_mean=2.3069e+00
step=130 max_u=2.0000e+00 c_mean=2.4735e+00
step=140 max_u=2.0000e+00 c_mean=2.6366e+00
step=150 max_u=2.0000e+00 c_mean=2.7966e+00
step=160 max_u=2.0000e+00 c_mean=2.9540e+00
step=170 max_u=2.0000e+00 c_mean=3.1088e+00
step=180 max_u=2.0000e+00 c_mean=3.2603e+00
step=190 max_u=2.0000e+00 c_mean=3.4079e+00
animation_gif=False
animation_gif=True
