device=cpu
step=0 max_u=2.8000e+00 c_mean=3.1743e-02 c_y=3.1743e-02 c_m=0.0000e+00 g_mean=6.3487e-05 p_mean=0.0059 tgf_mean=0.0100 chemo_mean=0.0017 smad_mean=0.0024 erk_mean=0.0105 infl_mean=0.0000 scar_mean=0.0000 myo_frac=0.0000 a_align_x=0.6285 ac_align_x=0.6284 model=linear
step=10 max_u=2.8000e+00 c_mean=3.5455e-01 c_y=3.3427e-01 c_m=2.0280e-02 g_mean=4.2144e-03 p_mean=0.1028 tgf_mean=0.1016 chemo_mean=0.0171 smad_mean=0.1402 erk_mean=0.0864 infl_mean=0.0000 scar_mean=0.0000 myo_frac=0.0000 a_align_x=0.6295 ac_align_x=0.6314 model=linear
step=20 max_u=2.8000e+00 c_mean=6.9298e-01 c_y=6.1778e-01 c_m=7.5196e-02 g_mean=1.4917e-02 p_mean=0.2093 tgf_mean=0.1796 chemo_mean=0.0300 smad_mean=0.3324 erk_mean=0.1319 infl_mean=0.0000 scar_mean=0.0000 myo_frac=0.0000 a_align_x=0.6333 ac_align_x=0.6408 model=linear
step=30 max_u=2.8000e+00 c_mean=1.0889e+00 c_y=9.2601e-01 c_m=1.6291e-01 g_mean=3.2640e-02 p_mean=0.2810 tgf_mean=0.2459 chemo_mean=0.0410 smad_mean=0.4632 erk_mean=0.1630 infl_mean=0.0000 scar_mean=0.0000 myo_frac=0.1875 a_align_x=0.6398 ac_align_x=0.6532 model=linear
step=40 max_u=2.8000e+00 c_mean=1.7336e+00 c_y=1.4379e+00 c_m=2.9569e-01 g_mean=6.0556e-02 p_mean=0.3228 tgf_mean=0.3024 chemo_mean=0.0503 smad_mean=0.5355 erk_mean=0.1862 infl_mean=0.0000 scar_mean=0.0000 myo_frac=0.6375 a_align_x=0.6471 ac_align_x=0.6706 model=linear
step=50 max_u=2.8000e+00 c_mean=2.5907e+00 c_y=2.0936e+00 c_m=4.9705e-01 g_mean=1.0366e-01 p_mean=0.3488 tgf_mean=0.3504 chemo_mean=0.0587 smad_mean=0.5774 erk_mean=0.2045 infl_mean=0.0000 scar_mean=0.0000 myo_frac=0.8875 a_align_x=0.6554 ac_align_x=0.6917 model=linear
step=60 max_u=2.8000e+00 c_mean=3.5020e+00 c_y=2.7282e+00 c_m=7.7380e-01 g_mean=1.6427e-01 p_mean=0.3669 tgf_mean=0.3913 chemo_mean=0.0662 smad_mean=0.6048 erk_mean=0.2192 infl_mean=0.0000 scar_mean=0.0000 myo_frac=0.8625 a_align_x=0.6663 ac_align_x=0.7160 model=linear
step=70 max_u=2.8000e+00 c_mean=4.4183e+00 c_y=3.3007e+00 c_m=1.1175e+00 g_mean=2.4234e-01 p_mean=0.3803 tgf_mean=0.4261 chemo_mean=0.0728 smad_mean=0.6244 erk_mean=0.2313 infl_mean=0.0000 scar_mean=0.0000 myo_frac=0.9375 a_align_x=0.6790 ac_align_x=0.7408 model=linear
step=80 max_u=2.8000e+00 c_mean=5.3286e+00 c_y=3.8074e+00 c_m=1.5212e+00 g_mean=3.3794e-01 p_mean=0.3906 tgf_mean=0.4558 chemo_mean=0.0786 smad_mean=0.6392 erk_mean=0.2413 infl_mean=0.0000 scar_mean=0.0000 myo_frac=0.9375 a_align_x=0.6921 ac_align_x=0.7664 model=linear
step=90 max_u=2.8000e+00 c_mean=6.2266e+00 c_y=4.2515e+00 c_m=1.9751e+00 g_mean=4.5054e-01 p_mean=0.3988 tgf_mean=0.4810 chemo_mean=0.0836 smad_mean=0.6506 erk_mean=0.2495 infl_mean=0.0000 scar_mean=0.0000 myo_frac=0.9125 a_align_x=0.7070 ac_align_x=0.7919 model=linear
step=100 max_u=2.8000e+00 c_mean=7.0946e+00 c_y=4.6240e+00 c_m=2.4706e+00 g_mean=5.7954e-01 p_mean=0.4053 tgf_mean=0.5024 chemo_mean=0.0879 smad_mean=0.6596 erk_mean=0.2563 infl_mean=0.0000 scar_mean=0.0000 myo_frac=0.9625 a_align_x=0.7224 ac_align_x=0.8163 model=linear
step=110 max_u=2.8000e+00 c_mean=7.9528e+00 c_y=4.9527e+00 c_m=3.0001e+00 g_mean=7.2441e-01 p_mean=0.4106 tgf_mean=0.5207 chemo_mean=0.0914 smad_mean=0.6669 erk_mean=0.2620 infl_mean=0.0000 scar_mean=0.0000 myo_frac=0.9500 a_align_x=0.7376 ac_align_x=0.8384 model=linear
step=120 max_u=2.8000e+00 c_mean=8.7957e+00 c_y=5.2377e+00 c_m=3.5580e+00 g_mean=8.8477e-01 p_mean=0.4149 tgf_mean=0.5362 chemo_mean=0.0942 smad_mean=0.6728 erk_mean=0.2667 infl_mean=0.0000 scar_mean=0.0000 myo_frac=1.0000 a_align_x=0.7530 ac_align_x=0.8584 model=linear
step=130 max_u=2.8000e+00 c_mean=9.6161e+00 c_y=5.4770e+00 c_m=4.1391e+00 g_mean=1.0602e+00 p_mean=0.4184 tgf_mean=0.5494 chemo_mean=0.0964 smad_mean=0.6776 erk_mean=0.2706 infl_mean=0.0000 scar_mean=0.0000 myo_frac=0.9625 a_align_x=0.7695 ac_align_x=0.8751 model=linear
step=140 max_u=2.8000e+00 c_mean=1.0428e+01 c_y=5.6902e+00 c_m=4.7376e+00 g_mean=1.2500e+00 p_mean=0.4212 tgf_mean=0.5607 chemo_mean=0.0981 smad_mean=0.6816 erk_mean=0.2738 infl_mean=0.0000 scar_mean=0.0000 myo_frac=0.9750 a_align_x=0.7850 ac_align_x=0.8889 model=linear
step=150 max_u=2.8000e+00 c_mean=1.1235e+01 c_y=5.8840e+00 c_m=5.3509e+00 g_mean=1.4540e+00 p_mean=0.4235 tgf_mean=0.5703 chemo_mean=0.0992 smad_mean=0.6848 erk_mean=0.2765 infl_mean=0.0000 scar_mean=0.0000 myo_frac=1.0000 a_align_x=0.7999 ac_align_x=0.9020 model=linear
step=160 max_u=2.8000e+00 c_mean=1.2014e+01 c_y=6.0384e+00 c_m=5.9754e+00 g_mean=1.6718e+00 p_mean=0.4253 tgf_mean=0.5784 chemo_mean=0.1000 smad_mean=0.6875 erk_mean=0.2786 infl_mean=0.0000 scar_mean=0.0000 myo_frac=0.9875 a_align_x=0.8144 ac_align_x=0.9144 model=linear
step=170 max_u=2.8000e+00 c_mean=1.2780e+01 c_y=6.1728e+00 c_m=6.6075e+00 g_mean=1.9028e+00 p_mean=0.4267 tgf_mean=0.5854 chemo_mean=0.1004 smad_mean=0.6898 erk_mean=0.2804 infl_mean=0.0000 scar_mean=0.0000 myo_frac=0.9750 a_align_x=0.8279 ac_align_x=0.9240 model=linear
step=180 max_u=2.8000e+00 c_mean=1.3539e+01 c_y=6.2942e+00 c_m=7.2448e+00 g_mean=2.1467e+00 p_mean=0.4279 tgf_mean=0.5913 chemo_mean=0.1005 smad_mean=0.6917 erk_mean=0.2818 infl_mean=0.0000 scar_mean=0.0000 myo_frac=0.9875 a_align_x=0.8413 ac_align_x=0.9308 model=linear
step=190 max_u=2.8000e+00 c_mean=1.4271e+01 c_y=6.3866e+00 c_m=7.8847e+00 g_mean=2.4030e+00 p_mean=0.4288 tgf_mean=0.5963 chemo_mean=0.1003 smad_mean=0.6932 erk_mean=0.2830 infl_mean=0.0000 scar_mean=0.0000 myo_frac=0.9875 a_align_x=0.8534 ac_align_x=0.9370 model=linear
step=200 max_u=2.8000e+00 c_mean=1.4984e+01 c_y=6.4599e+00 c_m=8.5244e+00 g_mean=2.6710e+00 p_mean=0.4295 tgf_mean=0.6006 chemo_mean=0.0997 smad_mean=0.6945 erk_mean=0.2838 infl_mean=0.0000 scar_mean=0.0000 myo_frac=1.0000 a_align_x=0.8652 ac_align_x=0.9421 model=linear
step=210 max_u=2.8000e+00 c_mean=1.5688e+01 c_y=6.5260e+00 c_m=9.1622e+00 g_mean=2.9505e+00 p_mean=0.4300 tgf_mean=0.6042 chemo_mean=0.0990 smad_mean=0.6956 erk_mean=0.2845 infl_mean=0.0000 scar_mean=0.0000 myo_frac=0.9875 a_align_x=0.8754 ac_align_x=0.9484 model=linear
step=220 max_u=2.8000e+00 c_mean=1.6385e+01 c_y=6.5877e+00 c_m=9.7976e+00 g_mean=3.2412e+00 p_mean=0.4304 tgf_mean=0.6073 chemo_mean=0.0980 smad_mean=0.6966 erk_mean=0.2850 infl_mean=0.0000 scar_mean=0.0000 myo_frac=0.9875 a_align_x=0.8846 ac_align_x=0.9539 model=linear
step=230 max_u=2.8000e+00 c_mean=1.7082e+01 c_y=6.6516e+00 c_m=1.0430e+01 g_mean=3.5428e+00 p_mean=0.4307 tgf_mean=0.6099 chemo_mean=0.0969 smad_mean=0.6973 erk_mean=0.2854 infl_mean=0.0000 scar_mean=0.0000 myo_frac=0.9750 a_align_x=0.8941 ac_align_x=0.9584 model=linear
step=240 max_u=2.8000e+00 c_mean=1.7759e+01 c_y=6.6993e+00 c_m=1.1060e+01 g_mean=3.8551e+00 p_mean=0.4310 tgf_mean=0.6122 chemo_mean=0.0956 smad_mean=0.6980 erk_mean=0.2856 infl_mean=0.0000 scar_mean=0.0000 myo_frac=1.0000 a_align_x=0.9031 ac_align_x=0.9623 model=linear
step=250 max_u=2.8000e+00 c_mean=1.8407e+01 c_y=6.7238e+00 c_m=1.1683e+01 g_mean=4.1773e+00 p_mean=0.4311 tgf_mean=0.6141 chemo_mean=0.0943 smad_mean=0.6985 erk_mean=0.2858 infl_mean=0.0000 scar_mean=0.0000 myo_frac=0.9875 a_align_x=0.9111 ac_align_x=0.9653 model=linear
step=260 max_u=2.8000e+00 c_mean=1.9038e+01 c_y=6.7385e+00 c_m=1.2300e+01 g_mean=4.5092e+00 p_mean=0.4313 tgf_mean=0.6157 chemo_mean=0.0930 smad_mean=0.6990 erk_mean=0.2859 infl_mean=0.0000 scar_mean=0.0000 myo_frac=0.9750 a_align_x=0.9179 ac_align_x=0.9687 model=linear
step=270 max_u=2.8000e+00 c_mean=1.9680e+01 c_y=6.7710e+00 c_m=1.2909e+01 g_mean=4.8504e+00 p_mean=0.4314 tgf_mean=0.6171 chemo_mean=0.0918 smad_mean=0.6994 erk_mean=0.2859 infl_mean=0.0000 scar_mean=0.0000 myo_frac=0.9875 a_align_x=0.9240 ac_align_x=0.9719 model=linear
step=280 max_u=2.8000e+00 c_mean=2.0298e+01 c_y=6.7864e+00 c_m=1.3511e+01 g_mean=5.2007e+00 p_mean=0.4314 tgf_mean=0.6183 chemo_mean=0.0907 smad_mean=0.6997 erk_mean=0.2859 infl_mean=0.0000 scar_mean=0.0000 myo_frac=0.9875 a_align_x=0.9290 ac_align_x=0.9758 model=linear
step=290 max_u=2.8000e+00 c_mean=2.0899e+01 c_y=6.7930e+00 c_m=1.4106e+01 g_mean=5.5597e+00 p_mean=0.4315 tgf_mean=0.6193 chemo_mean=0.0897 smad_mean=0.7000 erk_mean=0.2859 infl_mean=0.0000 scar_mean=0.0000 myo_frac=0.9625 a_align_x=0.9330 ac_align_x=0.9797 model=linear
step=300 max_u=2.8000e+00 c_mean=2.1485e+01 c_y=6.7937e+00 c_m=1.4691e+01 g_mean=5.9269e+00 p_mean=0.4316 tgf_mean=0.6201 chemo_mean=0.0889 smad_mean=0.7003 erk_mean=0.2859 infl_mean=0.0000 scar_mean=0.0000 myo_frac=0.9625 a_align_x=0.9364 ac_align_x=0.9830 model=linear
step=310 max_u=2.8000e+00 c_mean=2.2066e+01 c_y=6.7986e+00 c_m=1.5267e+01 g_mean=6.3021e+00 p_mean=0.4317 tgf_mean=0.6209 chemo_mean=0.0884 smad_mean=0.7005 erk_mean=0.2859 infl_mean=0.0000 scar_mean=0.0000 myo_frac=0.9625 a_align_x=0.9391 ac_align_x=0.9856 model=linear
animation_mp4=False
animation_gif=True
