device=cpu
step=0 max_u=1.0000e+00 c_mean=3.0866e-02 c_y=3.0866e-02 c_m=0.0000e+00 g_mean=6.1733e-05 p_mean=0.0035 tgf_mean=0.0100 chemo_mean=0.0002 smad_mean=0.0024 erk_mean=0.0104 infl_mean=0.0000 scar_mean=0.0000 myo_frac=0.0000 a_align_x=0.6285 ac_align_x=0.6285 model=linear
step=10 max_u=1.0000e+00 c_mean=3.4263e-01 c_y=3.2299e-01 c_m=1.9643e-02 g_mean=4.0806e-03 p_mean=0.0793 tgf_mean=0.1016 chemo_mean=0.0022 smad_mean=0.1262 erk_mean=0.0828 infl_mean=0.0000 scar_mean=0.0000 myo_frac=0.0000 a_align_x=0.6295 ac_align_x=0.6308 model=linear
step=20 max_u=1.0000e+00 c_mean=6.6750e-01 c_y=5.9490e-01 c_m=7.2597e-02 g_mean=1.4400e-02 p_mean=0.1756 tgf_mean=0.1796 chemo_mean=0.0038 smad_mean=0.3090 erk_mean=0.1236 infl_mean=0.0000 scar_mean=0.0000 myo_frac=0.0000 a_align_x=0.6333 ac_align_x=0.6393 model=linear
step=30 max_u=1.0000e+00 c_mean=1.0072e+00 c_y=8.5096e-01 c_m=1.5626e-01 g_mean=3.1253e-02 p_mean=0.2457 tgf_mean=0.2459 chemo_mean=0.0052 smad_mean=0.4423 erk_mean=0.1507 infl_mean=0.0000 scar_mean=0.0000 myo_frac=0.0000 a_align_x=0.6398 ac_align_x=0.6501 model=linear
step=40 max_u=1.0000e+00 c_mean=1.4388e+00 c_y=1.1685e+00 c_m=2.7034e-01 g_mean=5.5356e-02 p_mean=0.2881 tgf_mean=0.3024 chemo_mean=0.0064 smad_mean=0.5194 erk_mean=0.1707 infl_mean=0.0000 scar_mean=0.0000 myo_frac=0.2875 a_align_x=0.6472 ac_align_x=0.6646 model=linear
step=50 max_u=1.0000e+00 c_mean=2.0726e+00 c_y=1.6436e+00 c_m=4.2901e-01 g_mean=9.0017e-02 p_mean=0.3145 tgf_mean=0.3504 chemo_mean=0.0074 smad_mean=0.5645 erk_mean=0.1865 infl_mean=0.0000 scar_mean=0.0000 myo_frac=0.5875 a_align_x=0.6555 ac_align_x=0.6834 model=linear
step=60 max_u=1.0000e+00 c_mean=2.8737e+00 c_y=2.2242e+00 c_m=6.4945e-01 g_mean=1.3910e-01 p_mean=0.3327 tgf_mean=0.3913 chemo_mean=0.0084 smad_mean=0.5938 erk_mean=0.1993 infl_mean=0.0000 scar_mean=0.0000 myo_frac=0.7750 a_align_x=0.6664 ac_align_x=0.7040 model=linear
step=70 max_u=1.0000e+00 c_mean=3.7544e+00 c_y=2.8181e+00 c_m=9.3633e-01 g_mean=2.0452e-01 p_mean=0.3462 tgf_mean=0.4261 chemo_mean=0.0092 smad_mean=0.6146 erk_mean=0.2097 infl_mean=0.0000 scar_mean=0.0000 myo_frac=0.8625 a_align_x=0.6792 ac_align_x=0.7268 model=linear
step=80 max_u=1.0000e+00 c_mean=4.6331e+00 c_y=3.3464e+00 c_m=1.2867e+00 g_mean=2.8697e-01 p_mean=0.3566 tgf_mean=0.4558 chemo_mean=0.0100 smad_mean=0.6302 erk_mean=0.2184 infl_mean=0.0000 scar_mean=0.0000 myo_frac=0.8750 a_align_x=0.6925 ac_align_x=0.7491 model=linear
step=90 max_u=1.0000e+00 c_mean=5.5007e+00 c_y=3.8099e+00 c_m=1.6909e+00 g_mean=3.8595e-01 p_mean=0.3648 tgf_mean=0.4810 chemo_mean=0.0108 smad_mean=0.6423 erk_mean=0.2256 infl_mean=0.0000 scar_mean=0.0000 myo_frac=0.8250 a_align_x=0.7074 ac_align_x=0.7728 model=linear
step=100 max_u=1.0000e+00 c_mean=6.3460e+00 c_y=4.2066e+00 c_m=2.1394e+00 g_mean=5.0085e-01 p_mean=0.3715 tgf_mean=0.5024 chemo_mean=0.0114 smad_mean=0.6519 erk_mean=0.2317 infl_mean=0.0000 scar_mean=0.0000 myo_frac=0.9250 a_align_x=0.7230 ac_align_x=0.7959 model=linear
step=110 max_u=1.0000e+00 c_mean=7.1878e+00 c_y=4.5620e+00 c_m=2.6258e+00 g_mean=6.3141e-01 p_mean=0.3769 tgf_mean=0.5207 chemo_mean=0.0120 smad_mean=0.6595 erk_mean=0.2367 infl_mean=0.0000 scar_mean=0.0000 myo_frac=0.9375 a_align_x=0.7383 ac_align_x=0.8175 model=linear
step=120 max_u=1.0000e+00 c_mean=8.0191e+00 c_y=4.8745e+00 c_m=3.1446e+00 g_mean=7.7734e-01 p_mean=0.3814 tgf_mean=0.5362 chemo_mean=0.0125 smad_mean=0.6657 erk_mean=0.2410 infl_mean=0.0000 scar_mean=0.0000 myo_frac=0.9625 a_align_x=0.7536 ac_align_x=0.8375 model=linear
step=130 max_u=1.0000e+00 c_mean=8.8421e+00 c_y=5.1511e+00 c_m=3.6910e+00 g_mean=9.3836e-01 p_mean=0.3851 tgf_mean=0.5494 chemo_mean=0.0130 smad_mean=0.6708 erk_mean=0.2445 infl_mean=0.0000 scar_mean=0.0000 myo_frac=0.9625 a_align_x=0.7701 ac_align_x=0.8559 model=linear
step=140 max_u=1.0000e+00 c_mean=9.6412e+00 c_y=5.3822e+00 c_m=4.2590e+00 g_mean=1.1139e+00 p_mean=0.3882 tgf_mean=0.5607 chemo_mean=0.0135 smad_mean=0.6750 erk_mean=0.2476 infl_mean=0.0000 scar_mean=0.0000 myo_frac=0.9125 a_align_x=0.7854 ac_align_x=0.8714 model=linear
step=150 max_u=1.0000e+00 c_mean=1.0413e+01 c_y=5.5703e+00 c_m=4.8427e+00 g_mean=1.3032e+00 p_mean=0.3908 tgf_mean=0.5703 chemo_mean=0.0139 smad_mean=0.6785 erk_mean=0.2501 infl_mean=0.0000 scar_mean=0.0000 myo_frac=0.9750 a_align_x=0.8006 ac_align_x=0.8844 model=linear
step=160 max_u=1.0000e+00 c_mean=1.1181e+01 c_y=5.7421e+00 c_m=5.4388e+00 g_mean=1.5060e+00 p_mean=0.3930 tgf_mean=0.5784 chemo_mean=0.0143 smad_mean=0.6813 erk_mean=0.2523 infl_mean=0.0000 scar_mean=0.0000 myo_frac=0.9625 a_align_x=0.8153 ac_align_x=0.8966 model=linear
step=170 max_u=1.0000e+00 c_mean=1.1933e+01 c_y=5.8886e+00 c_m=6.0449e+00 g_mean=1.7219e+00 p_mean=0.3948 tgf_mean=0.5854 chemo_mean=0.0147 smad_mean=0.6837 erk_mean=0.2542 infl_mean=0.0000 scar_mean=0.0000 myo_frac=0.9250 a_align_x=0.8287 ac_align_x=0.9084 model=linear
step=180 max_u=1.0000e+00 c_mean=1.2685e+01 c_y=6.0268e+00 c_m=6.6580e+00 g_mean=1.9506e+00 p_mean=0.3964 tgf_mean=0.5913 chemo_mean=0.0151 smad_mean=0.6858 erk_mean=0.2558 infl_mean=0.0000 scar_mean=0.0000 myo_frac=0.9375 a_align_x=0.8421 ac_align_x=0.9190 model=linear
step=190 max_u=1.0000e+00 c_mean=1.3412e+01 c_y=6.1361e+00 c_m=7.2761e+00 g_mean=2.1917e+00 p_mean=0.3977 tgf_mean=0.5963 chemo_mean=0.0155 smad_mean=0.6875 erk_mean=0.2571 infl_mean=0.0000 scar_mean=0.0000 myo_frac=0.9500 a_align_x=0.8545 ac_align_x=0.9271 model=linear
step=200 max_u=1.0000e+00 c_mean=1.4132e+01 c_y=6.2348e+00 c_m=7.8970e+00 g_mean=2.4449e+00 p_mean=0.3988 tgf_mean=0.6006 chemo_mean=0.0158 smad_mean=0.6889 erk_mean=0.2583 infl_mean=0.0000 scar_mean=0.0000 myo_frac=0.9500 a_align_x=0.8661 ac_align_x=0.9335 model=linear
step=210 max_u=1.0000e+00 c_mean=1.4835e+01 c_y=6.3160e+00 c_m=8.5185e+00 g_mean=2.7096e+00 p_mean=0.3997 tgf_mean=0.6042 chemo_mean=0.0160 smad_mean=0.6901 erk_mean=0.2593 infl_mean=0.0000 scar_mean=0.0000 myo_frac=0.9750 a_align_x=0.8763 ac_align_x=0.9385 model=linear
step=220 max_u=1.0000e+00 c_mean=1.5535e+01 c_y=6.3951e+00 c_m=9.1403e+00 g_mean=2.9857e+00 p_mean=0.4005 tgf_mean=0.6073 chemo_mean=0.0162 smad_mean=0.6911 erk_mean=0.2601 infl_mean=0.0000 scar_mean=0.0000 myo_frac=0.9625 a_align_x=0.8851 ac_align_x=0.9436 model=linear
step=230 max_u=1.0000e+00 c_mean=1.6212e+01 c_y=6.4514e+00 c_m=9.7601e+00 g_mean=3.2727e+00 p_mean=0.4010 tgf_mean=0.6099 chemo_mean=0.0163 smad_mean=0.6919 erk_mean=0.2608 infl_mean=0.0000 scar_mean=0.0000 myo_frac=0.9500 a_align_x=0.8942 ac_align_x=0.9500 model=linear
step=240 max_u=1.0000e+00 c_mean=1.6885e+01 c_y=6.5085e+00 c_m=1.0377e+01 g_mean=3.5703e+00 p_mean=0.4015 tgf_mean=0.6122 chemo_mean=0.0162 smad_mean=0.6926 erk_mean=0.2613 infl_mean=0.0000 scar_mean=0.0000 myo_frac=1.0000 a_align_x=0.9029 ac_align_x=0.9555 model=linear
step=250 max_u=1.0000e+00 c_mean=1.7534e+01 c_y=6.5453e+00 c_m=1.0989e+01 g_mean=3.8780e+00 p_mean=0.4019 tgf_mean=0.6141 chemo_mean=0.0161 smad_mean=0.6932 erk_mean=0.2618 infl_mean=0.0000 scar_mean=0.0000 myo_frac=0.9750 a_align_x=0.9109 ac_align_x=0.9596 model=linear
step=260 max_u=1.0000e+00 c_mean=1.8140e+01 c_y=6.5460e+00 c_m=1.1595e+01 g_mean=4.1952e+00 p_mean=0.4022 tgf_mean=0.6157 chemo_mean=0.0160 smad_mean=0.6937 erk_mean=0.2622 infl_mean=0.0000 scar_mean=0.0000 myo_frac=0.9375 a_align_x=0.9179 ac_align_x=0.9625 model=linear
step=270 max_u=1.0000e+00 c_mean=1.8754e+01 c_y=6.5627e+00 c_m=1.2191e+01 g_mean=4.5213e+00 p_mean=0.4024 tgf_mean=0.6171 chemo_mean=0.0158 smad_mean=0.6942 erk_mean=0.2624 infl_mean=0.0000 scar_mean=0.0000 myo_frac=0.9750 a_align_x=0.9241 ac_align_x=0.9650 model=linear
step=280 max_u=1.0000e+00 c_mean=1.9363e+01 c_y=6.5828e+00 c_m=1.2780e+01 g_mean=4.8564e+00 p_mean=0.4026 tgf_mean=0.6183 chemo_mean=0.0156 smad_mean=0.6945 erk_mean=0.2627 infl_mean=0.0000 scar_mean=0.0000 myo_frac=0.9750 a_align_x=0.9293 ac_align_x=0.9676 model=linear
step=290 max_u=1.0000e+00 c_mean=1.9957e+01 c_y=6.5949e+00 c_m=1.3362e+01 g_mean=5.2001e+00 p_mean=0.4027 tgf_mean=0.6193 chemo_mean=0.0154 smad_mean=0.6948 erk_mean=0.2629 infl_mean=0.0000 scar_mean=0.0000 myo_frac=0.9500 a_align_x=0.9334 ac_align_x=0.9711 model=linear
step=300 max_u=1.0000e+00 c_mean=2.0538e+01 c_y=6.6022e+00 c_m=1.3936e+01 g_mean=5.5522e+00 p_mean=0.4029 tgf_mean=0.6201 chemo_mean=0.0152 smad_mean=0.6951 erk_mean=0.2630 infl_mean=0.0000 scar_mean=0.0000 myo_frac=0.9375 a_align_x=0.9371 ac_align_x=0.9745 model=linear
step=310 max_u=1.0000e+00 c_mean=2.1100e+01 c_y=6.5988e+00 c_m=1.4501e+01 g_mean=5.9120e+00 p_mean=0.4030 tgf_mean=0.6209 chemo_mean=0.0150 smad_mean=0.6953 erk_mean=0.2631 infl_mean=0.0000 scar_mean=0.0000 myo_frac=0.9125 a_align_x=0.9403 ac_align_x=0.9774 model=linear
animation_mp4=False
animation_gif=True
