device=cpu
step=0 max_u=2.8000e+00 c_mean=3.2457e-02 c_y=3.2457e-02 c_m=0.0000e+00 g_mean=6.4914e-05 p_mean=0.0059 tgf_mean=0.0100 chemo_mean=0.0017 smad_mean=0.0024 erk_mean=0.0105 infl_mean=0.0000 scar_mean=0.0000 myo_frac=0.0000 a_align_x=0.6285 ac_align_x=0.6284 model=linear
step=10 max_u=2.8000e+00 c_mean=3.6108e-01 c_y=3.4040e-01 c_m=2.0680e-02 g_mean=4.2967e-03 p_mean=0.1029 tgf_mean=0.1016 chemo_mean=0.0172 smad_mean=0.1403 erk_mean=0.0864 infl_mean=0.0000 scar_mean=0.0000 myo_frac=0.0000 a_align_x=0.6296 ac_align_x=0.6316 model=linear
step=20 max_u=2.8000e+00 c_mean=7.0351e-01 c_y=6.2701e-01 c_m=7.6494e-02 g_mean=1.5173e-02 p_mean=0.2096 tgf_mean=0.1796 chemo_mean=0.0303 smad_mean=0.3325 erk_mean=0.1319 infl_mean=0.0000 scar_mean=0.0000 myo_frac=0.0125 a_align_x=0.6337 ac_align_x=0.6414 model=linear
step=30 max_u=2.8000e+00 c_mean=1.0968e+00 c_y=9.3123e-01 c_m=1.6559e-01 g_mean=3.3160e-02 p_mean=0.2814 tgf_mean=0.2459 chemo_mean=0.0415 smad_mean=0.4633 erk_mean=0.1631 infl_mean=0.0000 scar_mean=0.0000 myo_frac=0.1500 a_align_x=0.6403 ac_align_x=0.6543 model=linear
step=40 max_u=2.8000e+00 c_mean=1.6890e+00 c_y=1.3927e+00 c_m=2.9627e-01 g_mean=6.0668e-02 p_mean=0.3232 tgf_mean=0.3024 chemo_mean=0.0512 smad_mean=0.5356 erk_mean=0.1864 infl_mean=0.0000 scar_mean=0.0000 myo_frac=0.5625 a_align_x=0.6481 ac_align_x=0.6720 model=linear
step=50 max_u=2.8000e+00 c_mean=2.4870e+00 c_y=1.9977e+00 c_m=4.8928e-01 g_mean=1.0221e-01 p_mean=0.3493 tgf_mean=0.3504 chemo_mean=0.0598 smad_mean=0.5775 erk_mean=0.2048 infl_mean=0.0000 scar_mean=0.0000 myo_frac=0.8375 a_align_x=0.6568 ac_align_x=0.6938 model=linear
step=60 max_u=2.8000e+00 c_mean=3.3554e+00 c_y=2.6024e+00 c_m=7.5302e-01 g_mean=1.6028e-01 p_mean=0.3675 tgf_mean=0.3913 chemo_mean=0.0676 smad_mean=0.6049 erk_mean=0.2196 infl_mean=0.0000 scar_mean=0.0000 myo_frac=0.8375 a_align_x=0.6679 ac_align_x=0.7181 model=linear
step=70 max_u=2.8000e+00 c_mean=4.2299e+00 c_y=3.1492e+00 c_m=1.0807e+00 g_mean=2.3502e-01 p_mean=0.3808 tgf_mean=0.4261 chemo_mean=0.0743 smad_mean=0.6245 erk_mean=0.2318 infl_mean=0.0000 scar_mean=0.0000 myo_frac=0.9250 a_align_x=0.6808 ac_align_x=0.7427 model=linear
step=80 max_u=2.8000e+00 c_mean=5.1048e+00 c_y=3.6389e+00 c_m=1.4658e+00 g_mean=3.2653e-01 p_mean=0.3910 tgf_mean=0.4558 chemo_mean=0.0798 smad_mean=0.6392 erk_mean=0.2417 infl_mean=0.0000 scar_mean=0.0000 myo_frac=0.9375 a_align_x=0.6948 ac_align_x=0.7666 model=linear
step=90 max_u=2.8000e+00 c_mean=5.9646e+00 c_y=4.0652e+00 c_m=1.8995e+00 g_mean=4.3435e-01 p_mean=0.3991 tgf_mean=0.4810 chemo_mean=0.0843 smad_mean=0.6507 erk_mean=0.2499 infl_mean=0.0000 scar_mean=0.0000 myo_frac=0.9000 a_align_x=0.7096 ac_align_x=0.7922 model=linear
step=100 max_u=2.8000e+00 c_mean=6.8078e+00 c_y=4.4342e+00 c_m=2.3736e+00 g_mean=5.5799e-01 p_mean=0.4055 tgf_mean=0.5024 chemo_mean=0.0880 smad_mean=0.6597 erk_mean=0.2566 infl_mean=0.0000 scar_mean=0.0000 myo_frac=0.9625 a_align_x=0.7256 ac_align_x=0.8164 model=linear
step=110 max_u=2.8000e+00 c_mean=7.6537e+00 c_y=4.7713e+00 c_m=2.8824e+00 g_mean=6.9723e-01 p_mean=0.4107 tgf_mean=0.5207 chemo_mean=0.0909 smad_mean=0.6669 erk_mean=0.2622 infl_mean=0.0000 scar_mean=0.0000 myo_frac=0.9625 a_align_x=0.7405 ac_align_x=0.8400 model=linear
step=120 max_u=2.8000e+00 c_mean=8.4903e+00 c_y=5.0688e+00 c_m=3.4214e+00 g_mean=8.5186e-01 p_mean=0.4149 tgf_mean=0.5362 chemo_mean=0.0931 smad_mean=0.6728 erk_mean=0.2667 infl_mean=0.0000 scar_mean=0.0000 myo_frac=1.0000 a_align_x=0.7551 ac_align_x=0.8607 model=linear
step=130 max_u=2.8000e+00 c_mean=9.2992e+00 c_y=5.3144e+00 c_m=3.9848e+00 g_mean=1.0214e+00 p_mean=0.4184 tgf_mean=0.5494 chemo_mean=0.0949 smad_mean=0.6776 erk_mean=0.2705 infl_mean=0.0000 scar_mean=0.0000 myo_frac=0.9875 a_align_x=0.7704 ac_align_x=0.8776 model=linear
step=140 max_u=2.8000e+00 c_mean=1.0077e+01 c_y=5.5114e+00 c_m=4.5659e+00 g_mean=1.2050e+00 p_mean=0.4213 tgf_mean=0.5607 chemo_mean=0.0965 smad_mean=0.6816 erk_mean=0.2737 infl_mean=0.0000 scar_mean=0.0000 myo_frac=0.9625 a_align_x=0.7861 ac_align_x=0.8903 model=linear
step=150 max_u=2.8000e+00 c_mean=1.0840e+01 c_y=5.6809e+00 c_m=5.1593e+00 g_mean=1.4020e+00 p_mean=0.4237 tgf_mean=0.5703 chemo_mean=0.0979 smad_mean=0.6849 erk_mean=0.2763 infl_mean=0.0000 scar_mean=0.0000 myo_frac=0.9875 a_align_x=0.8008 ac_align_x=0.9004 model=linear
step=160 max_u=2.8000e+00 c_mean=1.1576e+01 c_y=5.8146e+00 c_m=5.7614e+00 g_mean=1.6119e+00 p_mean=0.4257 tgf_mean=0.5784 chemo_mean=0.0992 smad_mean=0.6876 erk_mean=0.2786 infl_mean=0.0000 scar_mean=0.0000 myo_frac=1.0000 a_align_x=0.8160 ac_align_x=0.9096 model=linear
step=170 max_u=2.8000e+00 c_mean=1.2284e+01 c_y=5.9151e+00 c_m=6.3687e+00 g_mean=1.8342e+00 p_mean=0.4275 tgf_mean=0.5854 chemo_mean=0.1005 smad_mean=0.6899 erk_mean=0.2805 infl_mean=0.0000 scar_mean=0.0000 myo_frac=0.9750 a_align_x=0.8308 ac_align_x=0.9173 model=linear
step=180 max_u=2.8000e+00 c_mean=1.2970e+01 c_y=5.9938e+00 c_m=6.9767e+00 g_mean=2.0681e+00 p_mean=0.4289 tgf_mean=0.5913 chemo_mean=0.1018 smad_mean=0.6918 erk_mean=0.2821 infl_mean=0.0000 scar_mean=0.0000 myo_frac=0.9875 a_align_x=0.8450 ac_align_x=0.9266 model=linear
step=190 max_u=2.8000e+00 c_mean=1.3641e+01 c_y=6.0577e+00 c_m=7.5834e+00 g_mean=2.3131e+00 p_mean=0.4302 tgf_mean=0.5963 chemo_mean=0.1032 smad_mean=0.6934 erk_mean=0.2836 infl_mean=0.0000 scar_mean=0.0000 myo_frac=0.9750 a_align_x=0.8574 ac_align_x=0.9360 model=linear
step=200 max_u=2.8000e+00 c_mean=1.4295e+01 c_y=6.1077e+00 c_m=8.1874e+00 g_mean=2.5689e+00 p_mean=0.4313 tgf_mean=0.6006 chemo_mean=0.1046 smad_mean=0.6948 erk_mean=0.2848 infl_mean=0.0000 scar_mean=0.0000 myo_frac=0.9750 a_align_x=0.8689 ac_align_x=0.9443 model=linear
step=210 max_u=2.8000e+00 c_mean=1.4950e+01 c_y=6.1626e+00 c_m=8.7878e+00 g_mean=2.8351e+00 p_mean=0.4322 tgf_mean=0.6042 chemo_mean=0.1060 smad_mean=0.6959 erk_mean=0.2859 infl_mean=0.0000 scar_mean=0.0000 myo_frac=0.9750 a_align_x=0.8788 ac_align_x=0.9519 model=linear
step=220 max_u=2.8000e+00 c_mean=1.5607e+01 c_y=6.2214e+00 c_m=9.3857e+00 g_mean=3.1118e+00 p_mean=0.4330 tgf_mean=0.6073 chemo_mean=0.1074 smad_mean=0.6969 erk_mean=0.2869 infl_mean=0.0000 scar_mean=0.0000 myo_frac=0.9875 a_align_x=0.8874 ac_align_x=0.9591 model=linear
step=230 max_u=2.8000e+00 c_mean=1.6245e+01 c_y=6.2649e+00 c_m=9.9802e+00 g_mean=3.3985e+00 p_mean=0.4336 tgf_mean=0.6099 chemo_mean=0.1087 smad_mean=0.6977 erk_mean=0.2878 infl_mean=0.0000 scar_mean=0.0000 myo_frac=0.9750 a_align_x=0.8947 ac_align_x=0.9651 model=linear
step=240 max_u=2.8000e+00 c_mean=1.6880e+01 c_y=6.3093e+00 c_m=1.0570e+01 g_mean=3.6951e+00 p_mean=0.4341 tgf_mean=0.6122 chemo_mean=0.1099 smad_mean=0.6984 erk_mean=0.2885 infl_mean=0.0000 scar_mean=0.0000 myo_frac=1.0000 a_align_x=0.9009 ac_align_x=0.9696 model=linear
step=250 max_u=2.8000e+00 c_mean=1.7500e+01 c_y=6.3447e+00 c_m=1.1155e+01 g_mean=4.0011e+00 p_mean=0.4345 tgf_mean=0.6141 chemo_mean=0.1107 smad_mean=0.6989 erk_mean=0.2891 infl_mean=0.0000 scar_mean=0.0000 myo_frac=0.9875 a_align_x=0.9066 ac_align_x=0.9737 model=linear
step=260 max_u=2.8000e+00 c_mean=1.8105e+01 c_y=6.3696e+00 c_m=1.1736e+01 g_mean=4.3164e+00 p_mean=0.4348 tgf_mean=0.6157 chemo_mean=0.1112 smad_mean=0.6994 erk_mean=0.2896 infl_mean=0.0000 scar_mean=0.0000 myo_frac=0.9625 a_align_x=0.9122 ac_align_x=0.9776 model=linear
step=270 max_u=2.8000e+00 c_mean=1.8719e+01 c_y=6.4093e+00 c_m=1.2310e+01 g_mean=4.6406e+00 p_mean=0.4350 tgf_mean=0.6171 chemo_mean=0.1112 smad_mean=0.6998 erk_mean=0.2900 infl_mean=0.0000 scar_mean=0.0000 myo_frac=0.9875 a_align_x=0.9175 ac_align_x=0.9810 model=linear
step=280 max_u=2.8000e+00 c_mean=1.9343e+01 c_y=6.4617e+00 c_m=1.2881e+01 g_mean=4.9740e+00 p_mean=0.4351 tgf_mean=0.6183 chemo_mean=0.1108 smad_mean=0.7002 erk_mean=0.2902 infl_mean=0.0000 scar_mean=0.0000 myo_frac=0.9875 a_align_x=0.9233 ac_align_x=0.9837 model=linear
step=290 max_u=2.8000e+00 c_mean=1.9956e+01 c_y=6.5070e+00 c_m=1.3449e+01 g_mean=5.3163e+00 p_mean=0.4352 tgf_mean=0.6193 chemo_mean=0.1100 smad_mean=0.7005 erk_mean=0.2903 infl_mean=0.0000 scar_mean=0.0000 myo_frac=0.9625 a_align_x=0.9287 ac_align_x=0.9857 model=linear
step=300 max_u=2.8000e+00 c_mean=2.0569e+01 c_y=6.5562e+00 c_m=1.4013e+01 g_mean=5.6674e+00 p_mean=0.4354 tgf_mean=0.6201 chemo_mean=0.1089 smad_mean=0.7007 erk_mean=0.2904 infl_mean=0.0000 scar_mean=0.0000 myo_frac=0.9750 a_align_x=0.9335 ac_align_x=0.9872 model=linear
step=310 max_u=2.8000e+00 c_mean=2.1168e+01 c_y=6.5945e+00 c_m=1.4574e+01 g_mean=6.0272e+00 p_mean=0.4355 tgf_mean=0.6209 chemo_mean=0.1078 smad_mean=0.7009 erk_mean=0.2904 infl_mean=0.0000 scar_mean=0.0000 myo_frac=0.9500 a_align_x=0.9381 ac_align_x=0.9883 model=linear
step=320 max_u=2.8000e+00 c_mean=2.1755e+01 c_y=6.6251e+00 c_m=1.5130e+01 g_mean=6.3951e+00 p_mean=0.4356 tgf_mean=0.6215 chemo_mean=0.1067 smad_mean=0.7011 erk_mean=0.2903 infl_mean=0.0000 scar_mean=0.0000 myo_frac=0.9625 a_align_x=0.9423 ac_align_x=0.9890 model=linear
step=330 max_u=2.8000e+00 c_mean=2.2327e+01 c_y=6.6467e+00 c_m=1.5680e+01 g_mean=6.7709e+00 p_mean=0.4358 tgf_mean=0.6220 chemo_mean=0.1058 smad_mean=0.7013 erk_mean=0.2903 infl_mean=0.0000 scar_mean=0.0000 myo_frac=0.9625 a_align_x=0.9464 ac_align_x=0.9895 model=linear
step=340 max_u=2.8000e+00 c_mean=2.2875e+01 c_y=6.6519e+00 c_m=1.6223e+01 g_mean=7.1540e+00 p_mean=0.4360 tgf_mean=0.6224 chemo_mean=0.1050 smad_mean=0.7015 erk_mean=0.2903 infl_mean=0.0000 scar_mean=0.0000 myo_frac=0.9500 a_align_x=0.9505 ac_align_x=0.9896 model=linear
step=350 max_u=2.8000e+00 c_mean=2.3430e+01 c_y=6.6707e+00 c_m=1.6759e+01 g_mean=7.5444e+00 p_mean=0.4362 tgf_mean=0.6228 chemo_mean=0.1044 smad_mean=0.7016 erk_mean=0.2903 infl_mean=0.0000 scar_mean=0.0000 myo_frac=0.9500 a_align_x=0.9547 ac_align_x=0.9896 model=linear
step=360 max_u=2.8000e+00 c_mean=2.3967e+01 c_y=6.6788e+00 c_m=1.7288e+01 g_mean=7.9416e+00 p_mean=0.4364 tgf_mean=0.6232 chemo_mean=0.1041 smad_mean=0.7018 erk_mean=0.2903 infl_mean=0.0000 scar_mean=0.0000 myo_frac=1.0000 a_align_x=0.9594 ac_align_x=0.9895 model=linear
step=370 max_u=2.8000e+00 c_mean=2.4504e+01 c_y=6.6937e+00 c_m=1.7810e+01 g_mean=8.3457e+00 p_mean=0.4366 tgf_mean=0.6234 chemo_mean=0.1040 smad_mean=0.7019 erk_mean=0.2903 infl_mean=0.0000 scar_mean=0.0000 myo_frac=0.9750 a_align_x=0.9636 ac_align_x=0.9891 model=linear
step=380 max_u=2.8000e+00 c_mean=2.5027e+01 c_y=6.7024e+00 c_m=1.8325e+01 g_mean=8.7563e+00 p_mean=0.4368 tgf_mean=0.6237 chemo_mean=0.1041 smad_mean=0.7020 erk_mean=0.2904 infl_mean=0.0000 scar_mean=0.0000 myo_frac=0.9625 a_align_x=0.9677 ac_align_x=0.9886 model=linear
step=390 max_u=2.8000e+00 c_mean=2.5524e+01 c_y=6.6913e+00 c_m=1.8832e+01 g_mean=9.1729e+00 p_mean=0.4371 tgf_mean=0.6239 chemo_mean=0.1044 smad_mean=0.7021 erk_mean=0.2906 infl_mean=0.0000 scar_mean=0.0000 myo_frac=0.9500 a_align_x=0.9712 ac_align_x=0.9884 model=linear
step=400 max_u=2.8000e+00 c_mean=2.6007e+01 c_y=6.6775e+00 c_m=1.9329e+01 g_mean=9.5951e+00 p_mean=0.4373 tgf_mean=0.6240 chemo_mean=0.1049 smad_mean=0.7021 erk_mean=0.2907 infl_mean=0.0000 scar_mean=0.0000 myo_frac=0.9750 a_align_x=0.9742 ac_align_x=0.9885 model=linear
step=410 max_u=2.8000e+00 c_mean=2.6490e+01 c_y=6.6722e+00 c_m=1.9817e+01 g_mean=1.0023e+01 p_mean=0.4376 tgf_mean=0.6242 chemo_mean=0.1055 smad_mean=0.7022 erk_mean=0.2909 infl_mean=0.0000 scar_mean=0.0000 myo_frac=0.9625 a_align_x=0.9768 ac_align_x=0.9886 model=linear
step=420 max_u=2.8000e+00 c_mean=2.6975e+01 c_y=6.6774e+00 c_m=2.0298e+01 g_mean=1.0456e+01 p_mean=0.4379 tgf_mean=0.6243 chemo_mean=0.1064 smad_mean=0.7023 erk_mean=0.2911 infl_mean=0.0000 scar_mean=0.0000 myo_frac=0.9875 a_align_x=0.9789 ac_align_x=0.9885 model=linear
step=430 max_u=2.8000e+00 c_mean=2.7457e+01 c_y=6.6855e+00 c_m=2.0771e+01 g_mean=1.0894e+01 p_mean=0.4382 tgf_mean=0.6244 chemo_mean=0.1073 smad_mean=0.7024 erk_mean=0.2914 infl_mean=0.0000 scar_mean=0.0000 myo_frac=0.9875 a_align_x=0.9807 ac_align_x=0.9884 model=linear
step=440 max_u=2.8000e+00 c_mean=2.7956e+01 c_y=6.7169e+00 c_m=2.1239e+01 g_mean=1.1338e+01 p_mean=0.4384 tgf_mean=0.6245 chemo_mean=0.1083 smad_mean=0.7024 erk_mean=0.2916 infl_mean=0.0000 scar_mean=0.0000 myo_frac=0.9750 a_align_x=0.9821 ac_align_x=0.9882 model=linear
step=450 max_u=2.8000e+00 c_mean=2.8437e+01 c_y=6.7343e+00 c_m=2.1703e+01 g_mean=1.1787e+01 p_mean=0.4387 tgf_mean=0.6246 chemo_mean=0.1094 smad_mean=0.7025 erk_mean=0.2919 infl_mean=0.0000 scar_mean=0.0000 myo_frac=0.9750 a_align_x=0.9832 ac_align_x=0.9880 model=linear
step=460 max_u=2.8000e+00 c_mean=2.8921e+01 c_y=6.7595e+00 c_m=2.2162e+01 g_mean=1.2241e+01 p_mean=0.4390 tgf_mean=0.6246 chemo_mean=0.1106 smad_mean=0.7025 erk_mean=0.2922 infl_mean=0.0000 scar_mean=0.0000 myo_frac=0.9875 a_align_x=0.9840 ac_align_x=0.9877 model=linear
step=470 max_u=2.8000e+00 c_mean=2.9397e+01 c_y=6.7806e+00 c_m=2.2616e+01 g_mean=1.2700e+01 p_mean=0.4392 tgf_mean=0.6247 chemo_mean=0.1117 smad_mean=0.7026 erk_mean=0.2925 infl_mean=0.0000 scar_mean=0.0000 myo_frac=0.9875 a_align_x=0.9846 ac_align_x=0.9873 model=linear
step=480 max_u=2.8000e+00 c_mean=2.9850e+01 c_y=6.7849e+00 c_m=2.3065e+01 g_mean=1.3164e+01 p_mean=0.4394 tgf_mean=0.6247 chemo_mean=0.1129 smad_mean=0.7026 erk_mean=0.2928 infl_mean=0.0000 scar_mean=0.0000 myo_frac=0.9750 a_align_x=0.9850 ac_align_x=0.9869 model=linear
step=490 max_u=2.8000e+00 c_mean=3.0300e+01 c_y=6.7924e+00 c_m=2.3508e+01 g_mean=1.3632e+01 p_mean=0.4395 tgf_mean=0.6248 chemo_mean=0.1140 smad_mean=0.7026 erk_mean=0.2931 infl_mean=0.0000 scar_mean=0.0000 myo_frac=0.9750 a_align_x=0.9853 ac_align_x=0.9865 model=linear
step=500 max_u=2.8000e+00 c_mean=3.0740e+01 c_y=6.7956e+00 c_m=2.3944e+01 g_mean=1.4105e+01 p_mean=0.4397 tgf_mean=0.6248 chemo_mean=0.1150 smad_mean=0.7026 erk_mean=0.2933 infl_mean=0.0000 scar_mean=0.0000 myo_frac=0.9875 a_align_x=0.9854 ac_align_x=0.9861 model=linear
step=510 max_u=2.8000e+00 c_mean=3.1170e+01 c_y=6.7971e+00 c_m=2.4373e+01 g_mean=1.4581e+01 p_mean=0.4397 tgf_mean=0.6248 chemo_mean=0.1160 smad_mean=0.7026 erk_mean=0.2935 infl_mean=0.0000 scar_mean=0.0000 myo_frac=0.9750 a_align_x=0.9854 ac_align_x=0.9857 model=linear
animation_mp4=False
animation_gif=True
