device=cpu
step=0 max_u=2.8000e+00 c_mean=3.3329e-02 c_y=3.3329e-02 c_m=0.0000e+00 g_mean=6.6659e-05 p_mean=0.0327 tgf_mean=0.1000 chemo_mean=0.0017 smad_mean=0.0240 erk_mean=0.0941 infl_mean=0.0000 scar_mean=0.0000 myo_frac=0.0000 a_align_x=0.6285 ac_align_x=0.6284 model=linear
step=10 max_u=2.8000e+00 c_mean=6.4788e-01 c_y=6.2020e-01 c_m=2.7682e-02 g_mean=6.0575e-03 p_mean=0.4597 tgf_mean=1.0000 chemo_mean=0.0174 smad_mean=0.6951 erk_mean=0.5093 infl_mean=0.0000 scar_mean=0.0000 myo_frac=0.8750 a_align_x=0.6297 ac_align_x=0.6316 model=linear
step=20 max_u=2.8000e+00 c_mean=1.7330e+00 c_y=1.5789e+00 c_m=1.5410e-01 g_mean=3.0846e-02 p_mean=0.5322 tgf_mean=1.0000 chemo_mean=0.0321 smad_mean=0.7780 erk_mean=0.5642 infl_mean=0.0000 scar_mean=0.0000 myo_frac=0.9875 a_align_x=0.6337 ac_align_x=0.6416 model=linear
step=30 max_u=2.8000e+00 c_mean=2.7708e+00 c_y=2.3862e+00 c_m=3.8461e-01 g_mean=7.6512e-02 p_mean=0.5426 tgf_mean=1.0000 chemo_mean=0.0455 smad_mean=0.7804 erk_mean=0.5695 infl_mean=0.0000 scar_mean=0.0000 myo_frac=1.0000 a_align_x=0.6405 ac_align_x=0.6549 model=linear
step=40 max_u=2.8000e+00 c_mean=3.7656e+00 c_y=3.0650e+00 c_m=7.0055e-01 g_mean=1.4191e-01 p_mean=0.5460 tgf_mean=1.0000 chemo_mean=0.0574 smad_mean=0.7809 erk_mean=0.5711 infl_mean=0.0000 scar_mean=0.0000 myo_frac=1.0000 a_align_x=0.6482 ac_align_x=0.6728 model=linear
step=50 max_u=2.8000e+00 c_mean=4.7243e+00 c_y=3.6381e+00 c_m=1.0862e+00 g_mean=2.2602e-01 p_mean=0.5477 tgf_mean=1.0000 chemo_mean=0.0679 smad_mean=0.7811 erk_mean=0.5723 infl_mean=0.0000 scar_mean=0.0000 myo_frac=1.0000 a_align_x=0.6570 ac_align_x=0.6950 model=linear
step=60 max_u=2.8000e+00 c_mean=5.6635e+00 c_y=4.1336e+00 c_m=1.5299e+00 g_mean=3.2818e-01 p_mean=0.5486 tgf_mean=1.0000 chemo_mean=0.0770 smad_mean=0.7812 erk_mean=0.5733 infl_mean=0.0000 scar_mean=0.0000 myo_frac=0.9750 a_align_x=0.6678 ac_align_x=0.7199 model=linear
step=70 max_u=2.8000e+00 c_mean=6.5822e+00 c_y=4.5605e+00 c_m=2.0216e+00 g_mean=4.4778e-01 p_mean=0.5491 tgf_mean=1.0000 chemo_mean=0.0847 smad_mean=0.7812 erk_mean=0.5742 infl_mean=0.0000 scar_mean=0.0000 myo_frac=1.0000 a_align_x=0.6807 ac_align_x=0.7444 model=linear
step=80 max_u=2.8000e+00 c_mean=7.4890e+00 c_y=4.9355e+00 c_m=2.5535e+00 g_mean=5.8435e-01 p_mean=0.5494 tgf_mean=1.0000 chemo_mean=0.0909 smad_mean=0.7813 erk_mean=0.5749 infl_mean=0.0000 scar_mean=0.0000 myo_frac=1.0000 a_align_x=0.6947 ac_align_x=0.7686 model=linear
step=90 max_u=2.8000e+00 c_mean=8.3670e+00 c_y=5.2486e+00 c_m=3.1184e+00 g_mean=7.3732e-01 p_mean=0.5497 tgf_mean=1.0000 chemo_mean=0.0960 smad_mean=0.7813 erk_mean=0.5754 infl_mean=0.0000 scar_mean=0.0000 myo_frac=0.9625 a_align_x=0.7094 ac_align_x=0.7937 model=linear
step=100 max_u=2.8000e+00 c_mean=9.2281e+00 c_y=5.5191e+00 c_m=3.7090e+00 g_mean=9.0602e-01 p_mean=0.5498 tgf_mean=1.0000 chemo_mean=0.1001 smad_mean=0.7813 erk_mean=0.5759 infl_mean=0.0000 scar_mean=0.0000 myo_frac=1.0000 a_align_x=0.7255 ac_align_x=0.8177 model=linear
step=110 max_u=2.8000e+00 c_mean=1.0073e+01 c_y=5.7523e+00 c_m=4.3205e+00 g_mean=1.0900e+00 p_mean=0.5499 tgf_mean=1.0000 chemo_mean=0.1033 smad_mean=0.7813 erk_mean=0.5762 infl_mean=0.0000 scar_mean=0.0000 myo_frac=1.0000 a_align_x=0.7402 ac_align_x=0.8414 model=linear
step=120 max_u=2.8000e+00 c_mean=1.0898e+01 c_y=5.9497e+00 c_m=4.9481e+00 g_mean=1.2888e+00 p_mean=0.5499 tgf_mean=1.0000 chemo_mean=0.1056 smad_mean=0.7813 erk_mean=0.5765 infl_mean=0.0000 scar_mean=0.0000 myo_frac=1.0000 a_align_x=0.7545 ac_align_x=0.8610 model=linear
step=130 max_u=2.8000e+00 c_mean=1.1691e+01 c_y=6.1044e+00 c_m=5.5871e+00 g_mean=1.5017e+00 p_mean=0.5498 tgf_mean=1.0000 chemo_mean=0.1073 smad_mean=0.7813 erk_mean=0.5767 infl_mean=0.0000 scar_mean=0.0000 myo_frac=1.0000 a_align_x=0.7696 ac_align_x=0.8768 model=linear
step=140 max_u=2.8000e+00 c_mean=1.2458e+01 c_y=6.2250e+00 c_m=6.2325e+00 g_mean=1.7280e+00 p_mean=0.5498 tgf_mean=1.0000 chemo_mean=0.1087 smad_mean=0.7813 erk_mean=0.5768 infl_mean=0.0000 scar_mean=0.0000 myo_frac=1.0000 a_align_x=0.7854 ac_align_x=0.8893 model=linear
step=150 max_u=2.8000e+00 c_mean=1.3202e+01 c_y=6.3211e+00 c_m=6.8805e+00 g_mean=1.9670e+00 p_mean=0.5498 tgf_mean=1.0000 chemo_mean=0.1098 smad_mean=0.7813 erk_mean=0.5769 infl_mean=0.0000 scar_mean=0.0000 myo_frac=1.0000 a_align_x=0.7996 ac_align_x=0.8993 model=linear
step=160 max_u=2.8000e+00 c_mean=1.3919e+01 c_y=6.3908e+00 c_m=7.5284e+00 g_mean=2.2182e+00 p_mean=0.5497 tgf_mean=1.0000 chemo_mean=0.1107 smad_mean=0.7812 erk_mean=0.5770 infl_mean=0.0000 scar_mean=0.0000 myo_frac=1.0000 a_align_x=0.8146 ac_align_x=0.9085 model=linear
step=170 max_u=2.8000e+00 c_mean=1.4604e+01 c_y=6.4317e+00 c_m=8.1725e+00 g_mean=2.4808e+00 p_mean=0.5497 tgf_mean=1.0000 chemo_mean=0.1115 smad_mean=0.7812 erk_mean=0.5770 infl_mean=0.0000 scar_mean=0.0000 myo_frac=1.0000 a_align_x=0.8296 ac_align_x=0.9192 model=linear
step=180 max_u=2.8000e+00 c_mean=1.5280e+01 c_y=6.4693e+00 c_m=8.8109e+00 g_mean=2.7543e+00 p_mean=0.5497 tgf_mean=1.0000 chemo_mean=0.1123 smad_mean=0.7812 erk_mean=0.5771 infl_mean=0.0000 scar_mean=0.0000 myo_frac=1.0000 a_align_x=0.8436 ac_align_x=0.9302 model=linear
step=190 max_u=2.8000e+00 c_mean=1.5956e+01 c_y=6.5122e+00 c_m=9.4439e+00 g_mean=3.0385e+00 p_mean=0.5497 tgf_mean=1.0000 chemo_mean=0.1130 smad_mean=0.7812 erk_mean=0.5771 infl_mean=0.0000 scar_mean=0.0000 myo_frac=1.0000 a_align_x=0.8555 ac_align_x=0.9405 model=linear
step=200 max_u=2.8000e+00 c_mean=1.6635e+01 c_y=6.5624e+00 c_m=1.0072e+01 g_mean=3.3334e+00 p_mean=0.5496 tgf_mean=1.0000 chemo_mean=0.1136 smad_mean=0.7812 erk_mean=0.5772 infl_mean=0.0000 scar_mean=0.0000 myo_frac=1.0000 a_align_x=0.8665 ac_align_x=0.9490 model=linear
step=210 max_u=2.8000e+00 c_mean=1.7309e+01 c_y=6.6121e+00 c_m=1.0697e+01 g_mean=3.6388e+00 p_mean=0.5496 tgf_mean=1.0000 chemo_mean=0.1141 smad_mean=0.7812 erk_mean=0.5772 infl_mean=0.0000 scar_mean=0.0000 myo_frac=0.9875 a_align_x=0.8760 ac_align_x=0.9559 model=linear
step=220 max_u=2.8000e+00 c_mean=1.7977e+01 c_y=6.6596e+00 c_m=1.1317e+01 g_mean=3.9545e+00 p_mean=0.5496 tgf_mean=1.0000 chemo_mean=0.1144 smad_mean=0.7812 erk_mean=0.5772 infl_mean=0.0000 scar_mean=0.0000 myo_frac=1.0000 a_align_x=0.8845 ac_align_x=0.9614 model=linear
step=230 max_u=2.8000e+00 c_mean=1.8630e+01 c_y=6.6968e+00 c_m=1.1933e+01 g_mean=4.2803e+00 p_mean=0.5496 tgf_mean=1.0000 chemo_mean=0.1147 smad_mean=0.7812 erk_mean=0.5773 infl_mean=0.0000 scar_mean=0.0000 myo_frac=1.0000 a_align_x=0.8915 ac_align_x=0.9668 model=linear
step=240 max_u=2.8000e+00 c_mean=1.9273e+01 c_y=6.7302e+00 c_m=1.2543e+01 g_mean=4.6157e+00 p_mean=0.5496 tgf_mean=1.0000 chemo_mean=0.1149 smad_mean=0.7812 erk_mean=0.5773 infl_mean=0.0000 scar_mean=0.0000 myo_frac=1.0000 a_align_x=0.8981 ac_align_x=0.9726 model=linear
step=250 max_u=2.8000e+00 c_mean=1.9903e+01 c_y=6.7556e+00 c_m=1.3147e+01 g_mean=4.9604e+00 p_mean=0.5496 tgf_mean=1.0000 chemo_mean=0.1150 smad_mean=0.7812 erk_mean=0.5773 infl_mean=0.0000 scar_mean=0.0000 myo_frac=1.0000 a_align_x=0.9039 ac_align_x=0.9772 model=linear
step=260 max_u=2.8000e+00 c_mean=2.0528e+01 c_y=6.7829e+00 c_m=1.3745e+01 g_mean=5.3141e+00 p_mean=0.5496 tgf_mean=1.0000 chemo_mean=0.1150 smad_mean=0.7812 erk_mean=0.5773 infl_mean=0.0000 scar_mean=0.0000 myo_frac=1.0000 a_align_x=0.9095 ac_align_x=0.9807 model=linear
step=270 max_u=2.8000e+00 c_mean=2.1141e+01 c_y=6.8054e+00 c_m=1.4336e+01 g_mean=5.6767e+00 p_mean=0.5496 tgf_mean=1.0000 chemo_mean=0.1149 smad_mean=0.7812 erk_mean=0.5773 infl_mean=0.0000 scar_mean=0.0000 myo_frac=1.0000 a_align_x=0.9157 ac_align_x=0.9835 model=linear
step=280 max_u=2.8000e+00 c_mean=2.1743e+01 c_y=6.8231e+00 c_m=1.4920e+01 g_mean=6.0477e+00 p_mean=0.5496 tgf_mean=1.0000 chemo_mean=0.1149 smad_mean=0.7812 erk_mean=0.5773 infl_mean=0.0000 scar_mean=0.0000 myo_frac=1.0000 a_align_x=0.9221 ac_align_x=0.9854 model=linear
step=290 max_u=2.8000e+00 c_mean=2.2345e+01 c_y=6.8483e+00 c_m=1.5497e+01 g_mean=6.4270e+00 p_mean=0.5497 tgf_mean=1.0000 chemo_mean=0.1148 smad_mean=0.7812 erk_mean=0.5773 infl_mean=0.0000 scar_mean=0.0000 myo_frac=1.0000 a_align_x=0.9289 ac_align_x=0.9868 model=linear
step=300 max_u=2.8000e+00 c_mean=2.2945e+01 c_y=6.8770e+00 c_m=1.6068e+01 g_mean=6.8145e+00 p_mean=0.5497 tgf_mean=1.0000 chemo_mean=0.1147 smad_mean=0.7812 erk_mean=0.5773 infl_mean=0.0000 scar_mean=0.0000 myo_frac=1.0000 a_align_x=0.9351 ac_align_x=0.9877 model=linear
step=310 max_u=2.8000e+00 c_mean=2.3538e+01 c_y=6.9042e+00 c_m=1.6633e+01 g_mean=7.2100e+00 p_mean=0.5498 tgf_mean=1.0000 chemo_mean=0.1147 smad_mean=0.7812 erk_mean=0.5773 infl_mean=0.0000 scar_mean=0.0000 myo_frac=1.0000 a_align_x=0.9411 ac_align_x=0.9882 model=linear
step=320 max_u=2.8000e+00 c_mean=2.4117e+01 c_y=6.9243e+00 c_m=1.7193e+01 g_mean=7.6132e+00 p_mean=0.5499 tgf_mean=1.0000 chemo_mean=0.1149 smad_mean=0.7813 erk_mean=0.5773 infl_mean=0.0000 scar_mean=0.0000 myo_frac=1.0000 a_align_x=0.9464 ac_align_x=0.9884 model=linear
step=330 max_u=2.8000e+00 c_mean=2.4673e+01 c_y=6.9279e+00 c_m=1.7745e+01 g_mean=8.0238e+00 p_mean=0.5501 tgf_mean=1.0000 chemo_mean=0.1151 smad_mean=0.7813 erk_mean=0.5774 infl_mean=0.0000 scar_mean=0.0000 myo_frac=1.0000 a_align_x=0.9511 ac_align_x=0.9887 model=linear
step=340 max_u=2.8000e+00 c_mean=2.5213e+01 c_y=6.9242e+00 c_m=1.8288e+01 g_mean=8.4411e+00 p_mean=0.5502 tgf_mean=1.0000 chemo_mean=0.1155 smad_mean=0.7813 erk_mean=0.5774 infl_mean=0.0000 scar_mean=0.0000 myo_frac=0.9875 a_align_x=0.9550 ac_align_x=0.9893 model=linear
step=350 max_u=2.8000e+00 c_mean=2.5743e+01 c_y=6.9205e+00 c_m=1.8823e+01 g_mean=8.8648e+00 p_mean=0.5504 tgf_mean=1.0000 chemo_mean=0.1160 smad_mean=0.7813 erk_mean=0.5774 infl_mean=0.0000 scar_mean=0.0000 myo_frac=1.0000 a_align_x=0.9589 ac_align_x=0.9898 model=linear
step=360 max_u=2.8000e+00 c_mean=2.6271e+01 c_y=6.9229e+00 c_m=1.9348e+01 g_mean=9.2949e+00 p_mean=0.5506 tgf_mean=1.0000 chemo_mean=0.1167 smad_mean=0.7813 erk_mean=0.5775 infl_mean=0.0000 scar_mean=0.0000 myo_frac=1.0000 a_align_x=0.9623 ac_align_x=0.9901 model=linear
step=370 max_u=2.8000e+00 c_mean=2.6793e+01 c_y=6.9275e+00 c_m=1.9866e+01 g_mean=9.7312e+00 p_mean=0.5508 tgf_mean=1.0000 chemo_mean=0.1174 smad_mean=0.7813 erk_mean=0.5776 infl_mean=0.0000 scar_mean=0.0000 myo_frac=1.0000 a_align_x=0.9654 ac_align_x=0.9902 model=linear
step=380 max_u=2.8000e+00 c_mean=2.7295e+01 c_y=6.9195e+00 c_m=2.0375e+01 g_mean=1.0173e+01 p_mean=0.5509 tgf_mean=1.0000 chemo_mean=0.1181 smad_mean=0.7814 erk_mean=0.5776 infl_mean=0.0000 scar_mean=0.0000 myo_frac=1.0000 a_align_x=0.9681 ac_align_x=0.9903 model=linear
step=390 max_u=2.8000e+00 c_mean=2.7789e+01 c_y=6.9132e+00 c_m=2.0876e+01 g_mean=1.0621e+01 p_mean=0.5511 tgf_mean=1.0000 chemo_mean=0.1188 smad_mean=0.7814 erk_mean=0.5777 infl_mean=0.0000 scar_mean=0.0000 myo_frac=1.0000 a_align_x=0.9706 ac_align_x=0.9902 model=linear
step=400 max_u=2.8000e+00 c_mean=2.8287e+01 c_y=6.9188e+00 c_m=2.1368e+01 g_mean=1.1074e+01 p_mean=0.5512 tgf_mean=1.0000 chemo_mean=0.1195 smad_mean=0.7814 erk_mean=0.5778 infl_mean=0.0000 scar_mean=0.0000 myo_frac=1.0000 a_align_x=0.9732 ac_align_x=0.9900 model=linear
step=410 max_u=2.8000e+00 c_mean=2.8787e+01 c_y=6.9337e+00 c_m=2.1854e+01 g_mean=1.1532e+01 p_mean=0.5514 tgf_mean=1.0000 chemo_mean=0.1203 smad_mean=0.7814 erk_mean=0.5779 infl_mean=0.0000 scar_mean=0.0000 myo_frac=1.0000 a_align_x=0.9758 ac_align_x=0.9898 model=linear
step=420 max_u=2.8000e+00 c_mean=2.9283e+01 c_y=6.9497e+00 c_m=2.2333e+01 g_mean=1.1996e+01 p_mean=0.5515 tgf_mean=1.0000 chemo_mean=0.1212 smad_mean=0.7814 erk_mean=0.5779 infl_mean=0.0000 scar_mean=0.0000 myo_frac=1.0000 a_align_x=0.9780 ac_align_x=0.9894 model=linear
step=430 max_u=2.8000e+00 c_mean=2.9774e+01 c_y=6.9667e+00 c_m=2.2807e+01 g_mean=1.2465e+01 p_mean=0.5517 tgf_mean=1.0000 chemo_mean=0.1222 smad_mean=0.7814 erk_mean=0.5780 infl_mean=0.0000 scar_mean=0.0000 myo_frac=1.0000 a_align_x=0.9799 ac_align_x=0.9891 model=linear
step=440 max_u=2.8000e+00 c_mean=3.0264e+01 c_y=6.9882e+00 c_m=2.3276e+01 g_mean=1.2939e+01 p_mean=0.5518 tgf_mean=1.0000 chemo_mean=0.1232 smad_mean=0.7814 erk_mean=0.5781 infl_mean=0.0000 scar_mean=0.0000 myo_frac=1.0000 a_align_x=0.9814 ac_align_x=0.9894 model=linear
step=450 max_u=2.8000e+00 c_mean=3.0751e+01 c_y=7.0110e+00 c_m=2.3740e+01 g_mean=1.3418e+01 p_mean=0.5519 tgf_mean=1.0000 chemo_mean=0.1243 smad_mean=0.7814 erk_mean=0.5782 infl_mean=0.0000 scar_mean=0.0000 myo_frac=1.0000 a_align_x=0.9826 ac_align_x=0.9897 model=linear
step=460 max_u=2.8000e+00 c_mean=3.1238e+01 c_y=7.0379e+00 c_m=2.4200e+01 g_mean=1.3902e+01 p_mean=0.5521 tgf_mean=1.0000 chemo_mean=0.1254 smad_mean=0.7814 erk_mean=0.5783 infl_mean=0.0000 scar_mean=0.0000 myo_frac=1.0000 a_align_x=0.9836 ac_align_x=0.9899 model=linear
step=470 max_u=2.8000e+00 c_mean=3.1718e+01 c_y=7.0631e+00 c_m=2.4655e+01 g_mean=1.4391e+01 p_mean=0.5522 tgf_mean=1.0000 chemo_mean=0.1263 smad_mean=0.7815 erk_mean=0.5784 infl_mean=0.0000 scar_mean=0.0000 myo_frac=1.0000 a_align_x=0.9843 ac_align_x=0.9900 model=linear
step=480 max_u=2.8000e+00 c_mean=3.2188e+01 c_y=7.0820e+00 c_m=2.5106e+01 g_mean=1.4885e+01 p_mean=0.5523 tgf_mean=1.0000 chemo_mean=0.1272 smad_mean=0.7815 erk_mean=0.5785 infl_mean=0.0000 scar_mean=0.0000 myo_frac=1.0000 a_align_x=0.9848 ac_align_x=0.9901 model=linear
step=490 max_u=2.8000e+00 c_mean=3.2644e+01 c_y=7.0924e+00 c_m=2.5552e+01 g_mean=1.5382e+01 p_mean=0.5524 tgf_mean=1.0000 chemo_mean=0.1279 smad_mean=0.7815 erk_mean=0.5785 infl_mean=0.0000 scar_mean=0.0000 myo_frac=1.0000 a_align_x=0.9852 ac_align_x=0.9902 model=linear
step=500 max_u=2.8000e+00 c_mean=3.3080e+01 c_y=7.0893e+00 c_m=2.5991e+01 g_mean=1.5884e+01 p_mean=0.5524 tgf_mean=1.0000 chemo_mean=0.1287 smad_mean=0.7815 erk_mean=0.5786 infl_mean=0.0000 scar_mean=0.0000 myo_frac=1.0000 a_align_x=0.9857 ac_align_x=0.9903 model=linear
step=510 max_u=2.8000e+00 c_mean=3.3511e+01 c_y=7.0889e+00 c_m=2.6422e+01 g_mean=1.6389e+01 p_mean=0.5525 tgf_mean=1.0000 chemo_mean=0.1294 smad_mean=0.7815 erk_mean=0.5787 infl_mean=0.0000 scar_mean=0.0000 myo_frac=1.0000 a_align_x=0.9862 ac_align_x=0.9903 model=linear
animation_mp4=False
animation_gif=True
