device=cpu
step=0 max_u=2.8000e+00 c_mean=3.2597e-02 c_y=3.2597e-02 c_m=0.0000e+00 g_mean=6.5193e-05 p_mean=0.0327 tgf_mean=0.1000 chemo_mean=0.0017 smad_mean=0.0240 erk_mean=0.0941 infl_mean=0.0000 scar_mean=0.0000 myo_frac=0.0000 a_align_x=0.6285 ac_align_x=0.6284 model=linear
step=10 max_u=2.8000e+00 c_mean=6.4423e-01 c_y=6.1692e-01 c_m=2.7311e-02 g_mean=5.9858e-03 p_mean=0.4596 tgf_mean=1.0000 chemo_mean=0.0173 smad_mean=0.6951 erk_mean=0.5092 infl_mean=0.0000 scar_mean=0.0000 myo_frac=0.9000 a_align_x=0.6295 ac_align_x=0.6314 model=linear
step=20 max_u=2.8000e+00 c_mean=1.7231e+00 c_y=1.5702e+00 c_m=1.5291e-01 g_mean=3.0611e-02 p_mean=0.5319 tgf_mean=1.0000 chemo_mean=0.0315 smad_mean=0.7780 erk_mean=0.5641 infl_mean=0.0000 scar_mean=0.0000 myo_frac=0.9875 a_align_x=0.6333 ac_align_x=0.6408 model=linear
step=30 max_u=2.8000e+00 c_mean=2.7777e+00 c_y=2.3945e+00 c_m=3.8316e-01 g_mean=7.6236e-02 p_mean=0.5421 tgf_mean=1.0000 chemo_mean=0.0445 smad_mean=0.7804 erk_mean=0.5694 infl_mean=0.0000 scar_mean=0.0000 myo_frac=1.0000 a_align_x=0.6397 ac_align_x=0.6534 model=linear
step=40 max_u=2.8000e+00 c_mean=3.7974e+00 c_y=3.0961e+00 c_m=7.0129e-01 g_mean=1.4204e-01 p_mean=0.5454 tgf_mean=1.0000 chemo_mean=0.0561 smad_mean=0.7809 erk_mean=0.5710 infl_mean=0.0000 scar_mean=0.0000 myo_frac=1.0000 a_align_x=0.6471 ac_align_x=0.6710 model=linear
step=50 max_u=2.8000e+00 c_mean=4.7881e+00 c_y=3.6960e+00 c_m=1.0921e+00 g_mean=2.2713e-01 p_mean=0.5469 tgf_mean=1.0000 chemo_mean=0.0661 smad_mean=0.7810 erk_mean=0.5722 infl_mean=0.0000 scar_mean=0.0000 myo_frac=1.0000 a_align_x=0.6553 ac_align_x=0.6926 model=linear
step=60 max_u=2.8000e+00 c_mean=5.7593e+00 c_y=4.2155e+00 c_m=1.5438e+00 g_mean=3.3089e-01 p_mean=0.5476 tgf_mean=1.0000 chemo_mean=0.0747 smad_mean=0.7811 erk_mean=0.5731 infl_mean=0.0000 scar_mean=0.0000 myo_frac=0.9750 a_align_x=0.6660 ac_align_x=0.7174 model=linear
step=70 max_u=2.8000e+00 c_mean=6.7167e+00 c_y=4.6701e+00 c_m=2.0467e+00 g_mean=4.5280e-01 p_mean=0.5481 tgf_mean=1.0000 chemo_mean=0.0819 smad_mean=0.7811 erk_mean=0.5739 infl_mean=0.0000 scar_mean=0.0000 myo_frac=1.0000 a_align_x=0.6788 ac_align_x=0.7422 model=linear
step=80 max_u=2.8000e+00 c_mean=7.6566e+00 c_y=5.0642e+00 c_m=2.5924e+00 g_mean=5.9237e-01 p_mean=0.5484 tgf_mean=1.0000 chemo_mean=0.0880 smad_mean=0.7812 erk_mean=0.5745 infl_mean=0.0000 scar_mean=0.0000 myo_frac=1.0000 a_align_x=0.6919 ac_align_x=0.7688 model=linear
step=90 max_u=2.8000e+00 c_mean=8.5695e+00 c_y=5.3965e+00 c_m=3.1730e+00 g_mean=7.4898e-01 p_mean=0.5485 tgf_mean=1.0000 chemo_mean=0.0929 smad_mean=0.7812 erk_mean=0.5750 infl_mean=0.0000 scar_mean=0.0000 myo_frac=0.9875 a_align_x=0.7067 ac_align_x=0.7942 model=linear
step=100 max_u=2.8000e+00 c_mean=9.4565e+00 c_y=5.6754e+00 c_m=3.7811e+00 g_mean=9.2192e-01 p_mean=0.5487 tgf_mean=1.0000 chemo_mean=0.0966 smad_mean=0.7812 erk_mean=0.5754 infl_mean=0.0000 scar_mean=0.0000 myo_frac=0.9875 a_align_x=0.7221 ac_align_x=0.8183 model=linear
step=110 max_u=2.8000e+00 c_mean=1.0320e+01 c_y=5.9097e+00 c_m=4.4101e+00 g_mean=1.1105e+00 p_mean=0.5487 tgf_mean=1.0000 chemo_mean=0.0994 smad_mean=0.7812 erk_mean=0.5758 infl_mean=0.0000 scar_mean=0.0000 myo_frac=0.9875 a_align_x=0.7372 ac_align_x=0.8389 model=linear
step=120 max_u=2.8000e+00 c_mean=1.1164e+01 c_y=6.1088e+00 c_m=5.0552e+00 g_mean=1.3142e+00 p_mean=0.5488 tgf_mean=1.0000 chemo_mean=0.1015 smad_mean=0.7812 erk_mean=0.5760 infl_mean=0.0000 scar_mean=0.0000 myo_frac=1.0000 a_align_x=0.7527 ac_align_x=0.8576 model=linear
step=130 max_u=2.8000e+00 c_mean=1.1982e+01 c_y=6.2706e+00 c_m=5.7117e+00 g_mean=1.5324e+00 p_mean=0.5488 tgf_mean=1.0000 chemo_mean=0.1031 smad_mean=0.7812 erk_mean=0.5762 infl_mean=0.0000 scar_mean=0.0000 myo_frac=1.0000 a_align_x=0.7694 ac_align_x=0.8735 model=linear
step=140 max_u=2.8000e+00 c_mean=1.2787e+01 c_y=6.4110e+00 c_m=6.3758e+00 g_mean=1.7646e+00 p_mean=0.5488 tgf_mean=1.0000 chemo_mean=0.1040 smad_mean=0.7812 erk_mean=0.5763 infl_mean=0.0000 scar_mean=0.0000 myo_frac=1.0000 a_align_x=0.7850 ac_align_x=0.8881 model=linear
step=150 max_u=2.8000e+00 c_mean=1.3586e+01 c_y=6.5408e+00 c_m=7.0454e+00 g_mean=2.0104e+00 p_mean=0.5487 tgf_mean=1.0000 chemo_mean=0.1045 smad_mean=0.7812 erk_mean=0.5764 infl_mean=0.0000 scar_mean=0.0000 myo_frac=1.0000 a_align_x=0.8000 ac_align_x=0.9014 model=linear
step=160 max_u=2.8000e+00 c_mean=1.4366e+01 c_y=6.6473e+00 c_m=7.7186e+00 g_mean=2.2695e+00 p_mean=0.5486 tgf_mean=1.0000 chemo_mean=0.1046 smad_mean=0.7812 erk_mean=0.5764 infl_mean=0.0000 scar_mean=0.0000 myo_frac=1.0000 a_align_x=0.8141 ac_align_x=0.9130 model=linear
step=170 max_u=2.8000e+00 c_mean=1.5136e+01 c_y=6.7430e+00 c_m=8.3931e+00 g_mean=2.5413e+00 p_mean=0.5484 tgf_mean=1.0000 chemo_mean=0.1044 smad_mean=0.7811 erk_mean=0.5764 infl_mean=0.0000 scar_mean=0.0000 myo_frac=1.0000 a_align_x=0.8277 ac_align_x=0.9218 model=linear
step=180 max_u=2.8000e+00 c_mean=1.5893e+01 c_y=6.8257e+00 c_m=9.0677e+00 g_mean=2.8257e+00 p_mean=0.5482 tgf_mean=1.0000 chemo_mean=0.1039 smad_mean=0.7811 erk_mean=0.5764 infl_mean=0.0000 scar_mean=0.0000 myo_frac=1.0000 a_align_x=0.8396 ac_align_x=0.9284 model=linear
step=190 max_u=2.8000e+00 c_mean=1.6638e+01 c_y=6.8974e+00 c_m=9.7409e+00 g_mean=3.1222e+00 p_mean=0.5479 tgf_mean=1.0000 chemo_mean=0.1031 smad_mean=0.7811 erk_mean=0.5763 infl_mean=0.0000 scar_mean=0.0000 myo_frac=1.0000 a_align_x=0.8508 ac_align_x=0.9363 model=linear
step=200 max_u=2.8000e+00 c_mean=1.7367e+01 c_y=6.9561e+00 c_m=1.0411e+01 g_mean=3.4305e+00 p_mean=0.5476 tgf_mean=1.0000 chemo_mean=0.1020 smad_mean=0.7811 erk_mean=0.5762 infl_mean=0.0000 scar_mean=0.0000 myo_frac=1.0000 a_align_x=0.8620 ac_align_x=0.9430 model=linear
step=210 max_u=2.8000e+00 c_mean=1.8087e+01 c_y=7.0098e+00 c_m=1.1077e+01 g_mean=3.7500e+00 p_mean=0.5474 tgf_mean=1.0000 chemo_mean=0.1008 smad_mean=0.7810 erk_mean=0.5761 infl_mean=0.0000 scar_mean=0.0000 myo_frac=1.0000 a_align_x=0.8722 ac_align_x=0.9484 model=linear
step=220 max_u=2.8000e+00 c_mean=1.8798e+01 c_y=7.0584e+00 c_m=1.1739e+01 g_mean=4.0806e+00 p_mean=0.5471 tgf_mean=1.0000 chemo_mean=0.0995 smad_mean=0.7810 erk_mean=0.5760 infl_mean=0.0000 scar_mean=0.0000 myo_frac=1.0000 a_align_x=0.8825 ac_align_x=0.9531 model=linear
step=230 max_u=2.8000e+00 c_mean=1.9495e+01 c_y=7.0986e+00 c_m=1.2396e+01 g_mean=4.4219e+00 p_mean=0.5468 tgf_mean=1.0000 chemo_mean=0.0981 smad_mean=0.7810 erk_mean=0.5759 infl_mean=0.0000 scar_mean=0.0000 myo_frac=1.0000 a_align_x=0.8928 ac_align_x=0.9581 model=linear
step=240 max_u=2.8000e+00 c_mean=2.0171e+01 c_y=7.1243e+00 c_m=1.3046e+01 g_mean=4.7735e+00 p_mean=0.5466 tgf_mean=1.0000 chemo_mean=0.0967 smad_mean=0.7810 erk_mean=0.5757 infl_mean=0.0000 scar_mean=0.0000 myo_frac=1.0000 a_align_x=0.9022 ac_align_x=0.9633 model=linear
step=250 max_u=2.8000e+00 c_mean=2.0827e+01 c_y=7.1379e+00 c_m=1.3689e+01 g_mean=5.1348e+00 p_mean=0.5464 tgf_mean=1.0000 chemo_mean=0.0954 smad_mean=0.7810 erk_mean=0.5756 infl_mean=0.0000 scar_mean=0.0000 myo_frac=1.0000 a_align_x=0.9099 ac_align_x=0.9676 model=linear
step=260 max_u=2.8000e+00 c_mean=2.1458e+01 c_y=7.1357e+00 c_m=1.4322e+01 g_mean=5.5053e+00 p_mean=0.5463 tgf_mean=1.0000 chemo_mean=0.0942 smad_mean=0.7809 erk_mean=0.5755 infl_mean=0.0000 scar_mean=0.0000 myo_frac=1.0000 a_align_x=0.9165 ac_align_x=0.9715 model=linear
step=270 max_u=2.8000e+00 c_mean=2.2073e+01 c_y=7.1293e+00 c_m=1.4944e+01 g_mean=5.8845e+00 p_mean=0.5461 tgf_mean=1.0000 chemo_mean=0.0930 smad_mean=0.7809 erk_mean=0.5754 infl_mean=0.0000 scar_mean=0.0000 myo_frac=1.0000 a_align_x=0.9217 ac_align_x=0.9750 model=linear
step=280 max_u=2.8000e+00 c_mean=2.2680e+01 c_y=7.1238e+00 c_m=1.5556e+01 g_mean=6.2721e+00 p_mean=0.5460 tgf_mean=1.0000 chemo_mean=0.0920 smad_mean=0.7809 erk_mean=0.5753 infl_mean=0.0000 scar_mean=0.0000 myo_frac=1.0000 a_align_x=0.9268 ac_align_x=0.9780 model=linear
step=290 max_u=2.8000e+00 c_mean=2.3274e+01 c_y=7.1169e+00 c_m=1.6157e+01 g_mean=6.6677e+00 p_mean=0.5459 tgf_mean=1.0000 chemo_mean=0.0910 smad_mean=0.7809 erk_mean=0.5752 infl_mean=0.0000 scar_mean=0.0000 myo_frac=1.0000 a_align_x=0.9317 ac_align_x=0.9802 model=linear
step=300 max_u=2.8000e+00 c_mean=2.3854e+01 c_y=7.1058e+00 c_m=1.6748e+01 g_mean=7.0711e+00 p_mean=0.5458 tgf_mean=1.0000 chemo_mean=0.0902 smad_mean=0.7809 erk_mean=0.5751 infl_mean=0.0000 scar_mean=0.0000 myo_frac=1.0000 a_align_x=0.9361 ac_align_x=0.9819 model=linear
step=310 max_u=2.8000e+00 c_mean=2.4437e+01 c_y=7.1092e+00 c_m=1.7328e+01 g_mean=7.4820e+00 p_mean=0.5457 tgf_mean=1.0000 chemo_mean=0.0895 smad_mean=0.7809 erk_mean=0.5750 infl_mean=0.0000 scar_mean=0.0000 myo_frac=1.0000 a_align_x=0.9407 ac_align_x=0.9840 model=linear
step=320 max_u=2.8000e+00 c_mean=2.5016e+01 c_y=7.1157e+00 c_m=1.7900e+01 g_mean=7.9005e+00 p_mean=0.5457 tgf_mean=1.0000 chemo_mean=0.0889 smad_mean=0.7809 erk_mean=0.5750 infl_mean=0.0000 scar_mean=0.0000 myo_frac=1.0000 a_align_x=0.9449 ac_align_x=0.9863 model=linear
step=330 max_u=2.8000e+00 c_mean=2.5580e+01 c_y=7.1161e+00 c_m=1.8464e+01 g_mean=8.3261e+00 p_mean=0.5457 tgf_mean=1.0000 chemo_mean=0.0884 smad_mean=0.7809 erk_mean=0.5749 infl_mean=0.0000 scar_mean=0.0000 myo_frac=1.0000 a_align_x=0.9484 ac_align_x=0.9882 model=linear
step=340 max_u=2.8000e+00 c_mean=2.6137e+01 c_y=7.1188e+00 c_m=1.9018e+01 g_mean=8.7586e+00 p_mean=0.5456 tgf_mean=1.0000 chemo_mean=0.0879 smad_mean=0.7809 erk_mean=0.5749 infl_mean=0.0000 scar_mean=0.0000 myo_frac=0.9875 a_align_x=0.9518 ac_align_x=0.9898 model=linear
step=350 max_u=2.8000e+00 c_mean=2.6689e+01 c_y=7.1240e+00 c_m=1.9565e+01 g_mean=9.1979e+00 p_mean=0.5456 tgf_mean=1.0000 chemo_mean=0.0876 smad_mean=0.7809 erk_mean=0.5748 infl_mean=0.0000 scar_mean=0.0000 myo_frac=1.0000 a_align_x=0.9556 ac_align_x=0.9911 model=linear
step=360 max_u=2.8000e+00 c_mean=2.7228e+01 c_y=7.1248e+00 c_m=2.0103e+01 g_mean=9.6436e+00 p_mean=0.5456 tgf_mean=1.0000 chemo_mean=0.0872 smad_mean=0.7809 erk_mean=0.5748 infl_mean=0.0000 scar_mean=0.0000 myo_frac=1.0000 a_align_x=0.9594 ac_align_x=0.9921 model=linear
step=370 max_u=2.8000e+00 c_mean=2.7748e+01 c_y=7.1159e+00 c_m=2.0632e+01 g_mean=1.0095e+01 p_mean=0.5455 tgf_mean=1.0000 chemo_mean=0.0870 smad_mean=0.7809 erk_mean=0.5748 infl_mean=0.0000 scar_mean=0.0000 myo_frac=1.0000 a_align_x=0.9628 ac_align_x=0.9930 model=linear
step=380 max_u=2.8000e+00 c_mean=2.8257e+01 c_y=7.1054e+00 c_m=2.1151e+01 g_mean=1.0553e+01 p_mean=0.5455 tgf_mean=1.0000 chemo_mean=0.0867 smad_mean=0.7809 erk_mean=0.5748 infl_mean=0.0000 scar_mean=0.0000 myo_frac=1.0000 a_align_x=0.9660 ac_align_x=0.9937 model=linear
step=390 max_u=2.8000e+00 c_mean=2.8762e+01 c_y=7.1008e+00 c_m=2.1661e+01 g_mean=1.1016e+01 p_mean=0.5455 tgf_mean=1.0000 chemo_mean=0.0865 smad_mean=0.7809 erk_mean=0.5747 infl_mean=0.0000 scar_mean=0.0000 myo_frac=1.0000 a_align_x=0.9693 ac_align_x=0.9942 model=linear
step=400 max_u=2.8000e+00 c_mean=2.9250e+01 c_y=7.0874e+00 c_m=2.2163e+01 g_mean=1.1484e+01 p_mean=0.5455 tgf_mean=1.0000 chemo_mean=0.0864 smad_mean=0.7809 erk_mean=0.5747 infl_mean=0.0000 scar_mean=0.0000 myo_frac=1.0000 a_align_x=0.9727 ac_align_x=0.9946 model=linear
step=410 max_u=2.8000e+00 c_mean=2.9734e+01 c_y=7.0798e+00 c_m=2.2655e+01 g_mean=1.1958e+01 p_mean=0.5455 tgf_mean=1.0000 chemo_mean=0.0862 smad_mean=0.7809 erk_mean=0.5747 infl_mean=0.0000 scar_mean=0.0000 myo_frac=0.9875 a_align_x=0.9758 ac_align_x=0.9950 model=linear
step=420 max_u=2.8000e+00 c_mean=3.0216e+01 c_y=7.0777e+00 c_m=2.3138e+01 g_mean=1.2436e+01 p_mean=0.5454 tgf_mean=1.0000 chemo_mean=0.0861 smad_mean=0.7809 erk_mean=0.5747 infl_mean=0.0000 scar_mean=0.0000 myo_frac=1.0000 a_align_x=0.9785 ac_align_x=0.9952 model=linear
step=430 max_u=2.8000e+00 c_mean=3.0686e+01 c_y=7.0725e+00 c_m=2.3613e+01 g_mean=1.2919e+01 p_mean=0.5454 tgf_mean=1.0000 chemo_mean=0.0859 smad_mean=0.7809 erk_mean=0.5747 infl_mean=0.0000 scar_mean=0.0000 myo_frac=1.0000 a_align_x=0.9808 ac_align_x=0.9954 model=linear
step=440 max_u=2.8000e+00 c_mean=3.1156e+01 c_y=7.0752e+00 c_m=2.4081e+01 g_mean=1.3407e+01 p_mean=0.5453 tgf_mean=1.0000 chemo_mean=0.0858 smad_mean=0.7809 erk_mean=0.5747 infl_mean=0.0000 scar_mean=0.0000 myo_frac=1.0000 a_align_x=0.9827 ac_align_x=0.9955 model=linear
step=450 max_u=2.8000e+00 c_mean=3.1627e+01 c_y=7.0849e+00 c_m=2.4542e+01 g_mean=1.3899e+01 p_mean=0.5453 tgf_mean=1.0000 chemo_mean=0.0857 smad_mean=0.7809 erk_mean=0.5746 infl_mean=0.0000 scar_mean=0.0000 myo_frac=1.0000 a_align_x=0.9843 ac_align_x=0.9956 model=linear
step=460 max_u=2.8000e+00 c_mean=3.2101e+01 c_y=7.1038e+00 c_m=2.4997e+01 g_mean=1.4395e+01 p_mean=0.5452 tgf_mean=1.0000 chemo_mean=0.0855 smad_mean=0.7809 erk_mean=0.5746 infl_mean=0.0000 scar_mean=0.0000 myo_frac=1.0000 a_align_x=0.9859 ac_align_x=0.9957 model=linear
step=470 max_u=2.8000e+00 c_mean=3.2567e+01 c_y=7.1200e+00 c_m=2.5447e+01 g_mean=1.4896e+01 p_mean=0.5452 tgf_mean=1.0000 chemo_mean=0.0854 smad_mean=0.7809 erk_mean=0.5746 infl_mean=0.0000 scar_mean=0.0000 myo_frac=1.0000 a_align_x=0.9874 ac_align_x=0.9958 model=linear
step=480 max_u=2.8000e+00 c_mean=3.3028e+01 c_y=7.1358e+00 c_m=2.5892e+01 g_mean=1.5401e+01 p_mean=0.5451 tgf_mean=1.0000 chemo_mean=0.0852 smad_mean=0.7808 erk_mean=0.5746 infl_mean=0.0000 scar_mean=0.0000 myo_frac=1.0000 a_align_x=0.9886 ac_align_x=0.9958 model=linear
step=490 max_u=2.8000e+00 c_mean=3.3479e+01 c_y=7.1471e+00 c_m=2.6332e+01 g_mean=1.5911e+01 p_mean=0.5451 tgf_mean=1.0000 chemo_mean=0.0851 smad_mean=0.7808 erk_mean=0.5746 infl_mean=0.0000 scar_mean=0.0000 myo_frac=1.0000 a_align_x=0.9897 ac_align_x=0.9958 model=linear
step=500 max_u=2.8000e+00 c_mean=3.3906e+01 c_y=7.1416e+00 c_m=2.6765e+01 g_mean=1.6423e+01 p_mean=0.5450 tgf_mean=1.0000 chemo_mean=0.0849 smad_mean=0.7808 erk_mean=0.5746 infl_mean=0.0000 scar_mean=0.0000 myo_frac=1.0000 a_align_x=0.9906 ac_align_x=0.9959 model=linear
step=510 max_u=2.8000e+00 c_mean=3.4320e+01 c_y=7.1302e+00 c_m=2.7190e+01 g_mean=1.6940e+01 p_mean=0.5450 tgf_mean=1.0000 chemo_mean=0.0848 smad_mean=0.7808 erk_mean=0.5745 infl_mean=0.0000 scar_mean=0.0000 myo_frac=1.0000 a_align_x=0.9913 ac_align_x=0.9959 model=linear
animation_mp4=False
animation_gif=True
