device=cpu
step=0 max_u=1.0000e+00 c_mean=3.0674e-02 c_y=3.0674e-02 c_m=0.0000e+00 g_mean=6.1349e-05 p_mean=0.0035 tgf_mean=0.0100 chemo_mean=0.0002 smad_mean=0.0024 erk_mean=0.0104 infl_mean=0.0000 scar_mean=0.0000 myo_frac=0.0000 a_align_x=0.6285 ac_align_x=0.6285 model=linear
step=10 max_u=1.0000e+00 c_mean=3.4179e-01 c_y=3.2223e-01 c_m=1.9555e-02 g_mean=4.0637e-03 p_mean=0.0793 tgf_mean=0.1016 chemo_mean=0.0022 smad_mean=0.1262 erk_mean=0.0828 infl_mean=0.0000 scar_mean=0.0000 myo_frac=0.0000 a_align_x=0.6295 ac_align_x=0.6309 model=linear
step=20 max_u=1.0000e+00 c_mean=6.6505e-01 c_y=5.9271e-01 c_m=7.2338e-02 g_mean=1.4348e-02 p_mean=0.1755 tgf_mean=0.1796 chemo_mean=0.0038 smad_mean=0.3090 erk_mean=0.1236 infl_mean=0.0000 scar_mean=0.0000 myo_frac=0.0000 a_align_x=0.6334 ac_align_x=0.6394 model=linear
step=30 max_u=1.0000e+00 c_mean=1.0007e+00 c_y=8.4513e-01 c_m=1.5559e-01 g_mean=3.1116e-02 p_mean=0.2456 tgf_mean=0.2459 chemo_mean=0.0051 smad_mean=0.4422 erk_mean=0.1506 infl_mean=0.0000 scar_mean=0.0000 myo_frac=0.0000 a_align_x=0.6399 ac_align_x=0.6503 model=linear
step=40 max_u=1.0000e+00 c_mean=1.4259e+00 c_y=1.1571e+00 c_m=2.6879e-01 g_mean=5.5038e-02 p_mean=0.2879 tgf_mean=0.3024 chemo_mean=0.0062 smad_mean=0.5193 erk_mean=0.1707 infl_mean=0.0000 scar_mean=0.0000 myo_frac=0.2875 a_align_x=0.6475 ac_align_x=0.6649 model=linear
step=50 max_u=1.0000e+00 c_mean=2.0586e+00 c_y=1.6323e+00 c_m=4.2632e-01 g_mean=8.9463e-02 p_mean=0.3143 tgf_mean=0.3504 chemo_mean=0.0072 smad_mean=0.5644 erk_mean=0.1864 infl_mean=0.0000 scar_mean=0.0000 myo_frac=0.6000 a_align_x=0.6559 ac_align_x=0.6836 model=linear
step=60 max_u=1.0000e+00 c_mean=2.8376e+00 c_y=2.1930e+00 c_m=6.4461e-01 g_mean=1.3807e-01 p_mean=0.3324 tgf_mean=0.3913 chemo_mean=0.0081 smad_mean=0.5937 erk_mean=0.1992 infl_mean=0.0000 scar_mean=0.0000 myo_frac=0.7625 a_align_x=0.6669 ac_align_x=0.7041 model=linear
step=70 max_u=1.0000e+00 c_mean=3.6884e+00 c_y=2.7620e+00 c_m=9.2641e-01 g_mean=2.0245e-01 p_mean=0.3458 tgf_mean=0.4261 chemo_mean=0.0088 smad_mean=0.6145 erk_mean=0.2096 infl_mean=0.0000 scar_mean=0.0000 myo_frac=0.8625 a_align_x=0.6797 ac_align_x=0.7269 model=linear
step=80 max_u=1.0000e+00 c_mean=4.5425e+00 c_y=3.2731e+00 c_m=1.2694e+00 g_mean=2.8334e-01 p_mean=0.3561 tgf_mean=0.4558 chemo_mean=0.0095 smad_mean=0.6301 erk_mean=0.2182 infl_mean=0.0000 scar_mean=0.0000 myo_frac=0.8750 a_align_x=0.6933 ac_align_x=0.7496 model=linear
step=90 max_u=1.0000e+00 c_mean=5.3930e+00 c_y=3.7286e+00 c_m=1.6644e+00 g_mean=3.8033e-01 p_mean=0.3644 tgf_mean=0.4810 chemo_mean=0.0101 smad_mean=0.6422 erk_mean=0.2254 infl_mean=0.0000 scar_mean=0.0000 myo_frac=0.8500 a_align_x=0.7079 ac_align_x=0.7730 model=linear
step=100 max_u=1.0000e+00 c_mean=6.2275e+00 c_y=4.1239e+00 c_m=2.1036e+00 g_mean=4.9303e-01 p_mean=0.3710 tgf_mean=0.5024 chemo_mean=0.0106 smad_mean=0.6517 erk_mean=0.2314 infl_mean=0.0000 scar_mean=0.0000 myo_frac=0.9250 a_align_x=0.7237 ac_align_x=0.7969 model=linear
step=110 max_u=1.0000e+00 c_mean=7.0640e+00 c_y=4.4830e+00 c_m=2.5811e+00 g_mean=6.2127e-01 p_mean=0.3764 tgf_mean=0.5207 chemo_mean=0.0110 smad_mean=0.6594 erk_mean=0.2364 infl_mean=0.0000 scar_mean=0.0000 myo_frac=0.9375 a_align_x=0.7391 ac_align_x=0.8192 model=linear
step=120 max_u=1.0000e+00 c_mean=7.8910e+00 c_y=4.7997e+00 c_m=3.0913e+00 g_mean=7.6477e-01 p_mean=0.3808 tgf_mean=0.5362 chemo_mean=0.0115 smad_mean=0.6656 erk_mean=0.2406 infl_mean=0.0000 scar_mean=0.0000 myo_frac=0.9750 a_align_x=0.7547 ac_align_x=0.8394 model=linear
step=130 max_u=1.0000e+00 c_mean=8.7118e+00 c_y=5.0818e+00 c_m=3.6300e+00 g_mean=9.2337e-01 p_mean=0.3845 tgf_mean=0.5494 chemo_mean=0.0119 smad_mean=0.6707 erk_mean=0.2442 infl_mean=0.0000 scar_mean=0.0000 myo_frac=0.9625 a_align_x=0.7709 ac_align_x=0.8578 model=linear
step=140 max_u=1.0000e+00 c_mean=9.5036e+00 c_y=5.3127e+00 c_m=4.1908e+00 g_mean=1.0964e+00 p_mean=0.3876 tgf_mean=0.5607 chemo_mean=0.0122 smad_mean=0.6749 erk_mean=0.2472 infl_mean=0.0000 scar_mean=0.0000 myo_frac=0.9125 a_align_x=0.7865 ac_align_x=0.8740 model=linear
step=150 max_u=1.0000e+00 c_mean=1.0269e+01 c_y=5.5015e+00 c_m=4.7674e+00 g_mean=1.2831e+00 p_mean=0.3902 tgf_mean=0.5703 chemo_mean=0.0126 smad_mean=0.6783 erk_mean=0.2498 infl_mean=0.0000 scar_mean=0.0000 myo_frac=0.9750 a_align_x=0.8026 ac_align_x=0.8874 model=linear
step=160 max_u=1.0000e+00 c_mean=1.1033e+01 c_y=5.6765e+00 c_m=5.3566e+00 g_mean=1.4831e+00 p_mean=0.3924 tgf_mean=0.5784 chemo_mean=0.0130 smad_mean=0.6812 erk_mean=0.2519 infl_mean=0.0000 scar_mean=0.0000 myo_frac=0.9625 a_align_x=0.8172 ac_align_x=0.8988 model=linear
step=170 max_u=1.0000e+00 c_mean=1.1779e+01 c_y=5.8233e+00 c_m=5.9562e+00 g_mean=1.6963e+00 p_mean=0.3942 tgf_mean=0.5854 chemo_mean=0.0134 smad_mean=0.6836 erk_mean=0.2538 infl_mean=0.0000 scar_mean=0.0000 myo_frac=0.9250 a_align_x=0.8309 ac_align_x=0.9093 model=linear
step=180 max_u=1.0000e+00 c_mean=1.2520e+01 c_y=5.9575e+00 c_m=6.5628e+00 g_mean=1.9221e+00 p_mean=0.3958 tgf_mean=0.5913 chemo_mean=0.0138 smad_mean=0.6857 erk_mean=0.2554 infl_mean=0.0000 scar_mean=0.0000 myo_frac=0.9375 a_align_x=0.8446 ac_align_x=0.9188 model=linear
step=190 max_u=1.0000e+00 c_mean=1.3236e+01 c_y=6.0626e+00 c_m=7.1738e+00 g_mean=2.1601e+00 p_mean=0.3972 tgf_mean=0.5963 chemo_mean=0.0142 smad_mean=0.6874 erk_mean=0.2567 infl_mean=0.0000 scar_mean=0.0000 myo_frac=0.9625 a_align_x=0.8571 ac_align_x=0.9271 model=linear
step=200 max_u=1.0000e+00 c_mean=1.3946e+01 c_y=6.1581e+00 c_m=7.7876e+00 g_mean=2.4099e+00 p_mean=0.3983 tgf_mean=0.6006 chemo_mean=0.0145 smad_mean=0.6888 erk_mean=0.2579 infl_mean=0.0000 scar_mean=0.0000 myo_frac=0.9500 a_align_x=0.8688 ac_align_x=0.9349 model=linear
step=210 max_u=1.0000e+00 c_mean=1.4628e+01 c_y=6.2273e+00 c_m=8.4010e+00 g_mean=2.6710e+00 p_mean=0.3993 tgf_mean=0.6042 chemo_mean=0.0149 smad_mean=0.6900 erk_mean=0.2589 infl_mean=0.0000 scar_mean=0.0000 myo_frac=0.9750 a_align_x=0.8794 ac_align_x=0.9416 model=linear
step=220 max_u=1.0000e+00 c_mean=1.5311e+01 c_y=6.2978e+00 c_m=9.0134e+00 g_mean=2.9432e+00 p_mean=0.4001 tgf_mean=0.6073 chemo_mean=0.0152 smad_mean=0.6910 erk_mean=0.2598 infl_mean=0.0000 scar_mean=0.0000 myo_frac=0.9625 a_align_x=0.8880 ac_align_x=0.9480 model=linear
step=230 max_u=1.0000e+00 c_mean=1.5971e+01 c_y=6.3472e+00 c_m=9.6234e+00 g_mean=3.2260e+00 p_mean=0.4008 tgf_mean=0.6099 chemo_mean=0.0154 smad_mean=0.6919 erk_mean=0.2605 infl_mean=0.0000 scar_mean=0.0000 myo_frac=0.9500 a_align_x=0.8954 ac_align_x=0.9531 model=linear
step=240 max_u=1.0000e+00 c_mean=1.6631e+01 c_y=6.4018e+00 c_m=1.0230e+01 g_mean=3.5191e+00 p_mean=0.4013 tgf_mean=0.6122 chemo_mean=0.0156 smad_mean=0.6926 erk_mean=0.2611 infl_mean=0.0000 scar_mean=0.0000 myo_frac=1.0000 a_align_x=0.9026 ac_align_x=0.9568 model=linear
step=250 max_u=1.0000e+00 c_mean=1.7267e+01 c_y=6.4360e+00 c_m=1.0831e+01 g_mean=3.8221e+00 p_mean=0.4017 tgf_mean=0.6141 chemo_mean=0.0157 smad_mean=0.6932 erk_mean=0.2616 infl_mean=0.0000 scar_mean=0.0000 myo_frac=0.9750 a_align_x=0.9096 ac_align_x=0.9611 model=linear
step=260 max_u=1.0000e+00 c_mean=1.7878e+01 c_y=6.4512e+00 c_m=1.1427e+01 g_mean=4.1346e+00 p_mean=0.4020 tgf_mean=0.6157 chemo_mean=0.0157 smad_mean=0.6937 erk_mean=0.2620 infl_mean=0.0000 scar_mean=0.0000 myo_frac=0.9500 a_align_x=0.9161 ac_align_x=0.9648 model=linear
step=270 max_u=1.0000e+00 c_mean=1.8504e+01 c_y=6.4884e+00 c_m=1.2016e+01 g_mean=4.4562e+00 p_mean=0.4023 tgf_mean=0.6171 chemo_mean=0.0157 smad_mean=0.6941 erk_mean=0.2624 infl_mean=0.0000 scar_mean=0.0000 myo_frac=0.9750 a_align_x=0.9225 ac_align_x=0.9678 model=linear
step=280 max_u=1.0000e+00 c_mean=1.9131e+01 c_y=6.5306e+00 c_m=1.2600e+01 g_mean=4.7872e+00 p_mean=0.4025 tgf_mean=0.6183 chemo_mean=0.0156 smad_mean=0.6945 erk_mean=0.2626 infl_mean=0.0000 scar_mean=0.0000 myo_frac=0.9750 a_align_x=0.9283 ac_align_x=0.9707 model=linear
step=290 max_u=1.0000e+00 c_mean=1.9733e+01 c_y=6.5538e+00 c_m=1.3179e+01 g_mean=5.1271e+00 p_mean=0.4027 tgf_mean=0.6193 chemo_mean=0.0155 smad_mean=0.6948 erk_mean=0.2628 infl_mean=0.0000 scar_mean=0.0000 myo_frac=0.9500 a_align_x=0.9336 ac_align_x=0.9735 model=linear
step=300 max_u=1.0000e+00 c_mean=2.0323e+01 c_y=6.5708e+00 c_m=1.3752e+01 g_mean=5.4755e+00 p_mean=0.4028 tgf_mean=0.6201 chemo_mean=0.0154 smad_mean=0.6951 erk_mean=0.2630 infl_mean=0.0000 scar_mean=0.0000 myo_frac=0.9500 a_align_x=0.9388 ac_align_x=0.9757 model=linear
step=310 max_u=1.0000e+00 c_mean=2.0889e+01 c_y=6.5720e+00 c_m=1.4317e+01 g_mean=5.8318e+00 p_mean=0.4030 tgf_mean=0.6209 chemo_mean=0.0152 smad_mean=0.6953 erk_mean=0.2632 infl_mean=0.0000 scar_mean=0.0000 myo_frac=0.9250 a_align_x=0.9433 ac_align_x=0.9778 model=linear
step=320 max_u=1.0000e+00 c_mean=2.1463e+01 c_y=6.5895e+00 c_m=1.4873e+01 g_mean=6.1960e+00 p_mean=0.4030 tgf_mean=0.6215 chemo_mean=0.0151 smad_mean=0.6955 erk_mean=0.2633 infl_mean=0.0000 scar_mean=0.0000 myo_frac=0.9625 a_align_x=0.9473 ac_align_x=0.9796 model=linear
step=330 max_u=1.0000e+00 c_mean=2.2015e+01 c_y=6.5931e+00 c_m=1.5422e+01 g_mean=6.5677e+00 p_mean=0.4031 tgf_mean=0.6220 chemo_mean=0.0149 smad_mean=0.6956 erk_mean=0.2634 infl_mean=0.0000 scar_mean=0.0000 myo_frac=0.9500 a_align_x=0.9511 ac_align_x=0.9809 model=linear
step=340 max_u=1.0000e+00 c_mean=2.2553e+01 c_y=6.5905e+00 c_m=1.5963e+01 g_mean=6.9466e+00 p_mean=0.4031 tgf_mean=0.6224 chemo_mean=0.0147 smad_mean=0.6957 erk_mean=0.2634 infl_mean=0.0000 scar_mean=0.0000 myo_frac=0.9250 a_align_x=0.9544 ac_align_x=0.9822 model=linear
step=350 max_u=1.0000e+00 c_mean=2.3091e+01 c_y=6.5962e+00 c_m=1.6495e+01 g_mean=7.3324e+00 p_mean=0.4031 tgf_mean=0.6228 chemo_mean=0.0145 smad_mean=0.6958 erk_mean=0.2635 infl_mean=0.0000 scar_mean=0.0000 myo_frac=0.9250 a_align_x=0.9572 ac_align_x=0.9834 model=linear
step=360 max_u=1.0000e+00 c_mean=2.3609e+01 c_y=6.5909e+00 c_m=1.7018e+01 g_mean=7.7248e+00 p_mean=0.4032 tgf_mean=0.6232 chemo_mean=0.0144 smad_mean=0.6959 erk_mean=0.2635 infl_mean=0.0000 scar_mean=0.0000 myo_frac=0.9750 a_align_x=0.9595 ac_align_x=0.9844 model=linear
step=370 max_u=1.0000e+00 c_mean=2.4138e+01 c_y=6.6044e+00 c_m=1.7534e+01 g_mean=8.1238e+00 p_mean=0.4032 tgf_mean=0.6234 chemo_mean=0.0142 smad_mean=0.6960 erk_mean=0.2635 infl_mean=0.0000 scar_mean=0.0000 myo_frac=0.9750 a_align_x=0.9615 ac_align_x=0.9851 model=linear
step=380 max_u=1.0000e+00 c_mean=2.4660e+01 c_y=6.6172e+00 c_m=1.8043e+01 g_mean=8.5293e+00 p_mean=0.4032 tgf_mean=0.6237 chemo_mean=0.0140 smad_mean=0.6961 erk_mean=0.2635 infl_mean=0.0000 scar_mean=0.0000 myo_frac=0.9500 a_align_x=0.9641 ac_align_x=0.9860 model=linear
step=390 max_u=1.0000e+00 c_mean=2.5155e+01 c_y=6.6104e+00 c_m=1.8545e+01 g_mean=8.9409e+00 p_mean=0.4032 tgf_mean=0.6239 chemo_mean=0.0139 smad_mean=0.6961 erk_mean=0.2635 infl_mean=0.0000 scar_mean=0.0000 myo_frac=0.9375 a_align_x=0.9667 ac_align_x=0.9870 model=linear
step=400 max_u=1.0000e+00 c_mean=2.5634e+01 c_y=6.5976e+00 c_m=1.9037e+01 g_mean=9.3579e+00 p_mean=0.4032 tgf_mean=0.6240 chemo_mean=0.0137 smad_mean=0.6962 erk_mean=0.2635 infl_mean=0.0000 scar_mean=0.0000 myo_frac=0.9625 a_align_x=0.9689 ac_align_x=0.9879 model=linear
step=410 max_u=1.0000e+00 c_mean=2.6110e+01 c_y=6.5895e+00 c_m=1.9520e+01 g_mean=9.7804e+00 p_mean=0.4032 tgf_mean=0.6242 chemo_mean=0.0136 smad_mean=0.6962 erk_mean=0.2635 infl_mean=0.0000 scar_mean=0.0000 myo_frac=0.9500 a_align_x=0.9708 ac_align_x=0.9887 model=linear
step=420 max_u=1.0000e+00 c_mean=2.6572e+01 c_y=6.5781e+00 c_m=1.9994e+01 g_mean=1.0208e+01 p_mean=0.4031 tgf_mean=0.6243 chemo_mean=0.0135 smad_mean=0.6962 erk_mean=0.2635 infl_mean=0.0000 scar_mean=0.0000 myo_frac=0.9750 a_align_x=0.9726 ac_align_x=0.9893 model=linear
step=430 max_u=1.0000e+00 c_mean=2.7021e+01 c_y=6.5613e+00 c_m=2.0460e+01 g_mean=1.0640e+01 p_mean=0.4031 tgf_mean=0.6244 chemo_mean=0.0134 smad_mean=0.6963 erk_mean=0.2635 infl_mean=0.0000 scar_mean=0.0000 myo_frac=0.9250 a_align_x=0.9741 ac_align_x=0.9898 model=linear
step=440 max_u=1.0000e+00 c_mean=2.7491e+01 c_y=6.5736e+00 c_m=2.0917e+01 g_mean=1.1078e+01 p_mean=0.4031 tgf_mean=0.6245 chemo_mean=0.0133 smad_mean=0.6963 erk_mean=0.2635 infl_mean=0.0000 scar_mean=0.0000 myo_frac=0.9750 a_align_x=0.9756 ac_align_x=0.9902 model=linear
step=450 max_u=1.0000e+00 c_mean=2.7947e+01 c_y=6.5791e+00 c_m=2.1368e+01 g_mean=1.1520e+01 p_mean=0.4031 tgf_mean=0.6246 chemo_mean=0.0132 smad_mean=0.6963 erk_mean=0.2635 infl_mean=0.0000 scar_mean=0.0000 myo_frac=0.9500 a_align_x=0.9770 ac_align_x=0.9906 model=linear
step=460 max_u=1.0000e+00 c_mean=2.8420e+01 c_y=6.6064e+00 c_m=2.1814e+01 g_mean=1.1967e+01 p_mean=0.4031 tgf_mean=0.6246 chemo_mean=0.0131 smad_mean=0.6963 erk_mean=0.2635 infl_mean=0.0000 scar_mean=0.0000 myo_frac=0.9625 a_align_x=0.9787 ac_align_x=0.9908 model=linear
step=470 max_u=1.0000e+00 c_mean=2.8895e+01 c_y=6.6387e+00 c_m=2.2256e+01 g_mean=1.2418e+01 p_mean=0.4031 tgf_mean=0.6247 chemo_mean=0.0131 smad_mean=0.6963 erk_mean=0.2634 infl_mean=0.0000 scar_mean=0.0000 myo_frac=0.9750 a_align_x=0.9804 ac_align_x=0.9911 model=linear
step=480 max_u=1.0000e+00 c_mean=2.9347e+01 c_y=6.6525e+00 c_m=2.2695e+01 g_mean=1.2875e+01 p_mean=0.4031 tgf_mean=0.6247 chemo_mean=0.0130 smad_mean=0.6964 erk_mean=0.2634 infl_mean=0.0000 scar_mean=0.0000 myo_frac=0.9500 a_align_x=0.9818 ac_align_x=0.9913 model=linear
step=490 max_u=1.0000e+00 c_mean=2.9794e+01 c_y=6.6668e+00 c_m=2.3128e+01 g_mean=1.3336e+01 p_mean=0.4031 tgf_mean=0.6248 chemo_mean=0.0129 smad_mean=0.6964 erk_mean=0.2634 infl_mean=0.0000 scar_mean=0.0000 myo_frac=0.9500 a_align_x=0.9830 ac_align_x=0.9914 model=linear
step=500 max_u=1.0000e+00 c_mean=3.0237e+01 c_y=6.6820e+00 c_m=2.3555e+01 g_mean=1.3802e+01 p_mean=0.4031 tgf_mean=0.6248 chemo_mean=0.0129 smad_mean=0.6964 erk_mean=0.2634 infl_mean=0.0000 scar_mean=0.0000 myo_frac=0.9875 a_align_x=0.9840 ac_align_x=0.9915 model=linear
step=510 max_u=1.0000e+00 c_mean=3.0673e+01 c_y=6.6955e+00 c_m=2.3978e+01 g_mean=1.4271e+01 p_mean=0.4030 tgf_mean=0.6248 chemo_mean=0.0128 smad_mean=0.6964 erk_mean=0.2634 infl_mean=0.0000 scar_mean=0.0000 myo_frac=0.9750 a_align_x=0.9849 ac_align_x=0.9916 model=linear
animation_mp4=False
animation_gif=True
