device=cpu
step=0 max_u=1.0000e+00 c_mean=3.1492e-02 c_y=3.1492e-02 c_m=0.0000e+00 g_mean=6.2984e-05 p_mean=0.0303 tgf_mean=0.1000 chemo_mean=0.0002 smad_mean=0.0240 erk_mean=0.0940 infl_mean=0.0000 scar_mean=0.0000 myo_frac=0.0000 a_align_x=0.6285 ac_align_x=0.6285 model=linear
step=10 max_u=1.0000e+00 c_mean=5.7769e-01 c_y=5.5268e-01 c_m=2.5007e-02 g_mean=5.4603e-03 p_mean=0.4423 tgf_mean=1.0000 chemo_mean=0.0022 smad_mean=0.6916 erk_mean=0.5076 infl_mean=0.0000 scar_mean=0.0000 myo_frac=0.7875 a_align_x=0.6295 ac_align_x=0.6309 model=linear
step=20 max_u=1.0000e+00 c_mean=1.6342e+00 c_y=1.4923e+00 c_m=1.4195e-01 g_mean=2.8472e-02 p_mean=0.5113 tgf_mean=1.0000 chemo_mean=0.0039 smad_mean=0.7757 erk_mean=0.5614 infl_mean=0.0000 scar_mean=0.0000 myo_frac=0.9875 a_align_x=0.6334 ac_align_x=0.6395 model=linear
step=30 max_u=1.0000e+00 c_mean=2.6589e+00 c_y=2.2967e+00 c_m=3.6217e-01 g_mean=7.2049e-02 p_mean=0.5200 tgf_mean=1.0000 chemo_mean=0.0054 smad_mean=0.7780 erk_mean=0.5655 infl_mean=0.0000 scar_mean=0.0000 myo_frac=1.0000 a_align_x=0.6400 ac_align_x=0.6504 model=linear
step=40 max_u=1.0000e+00 c_mean=3.6425e+00 c_y=2.9749e+00 c_m=6.6756e-01 g_mean=1.3511e-01 p_mean=0.5225 tgf_mean=1.0000 chemo_mean=0.0067 smad_mean=0.7784 erk_mean=0.5659 infl_mean=0.0000 scar_mean=0.0000 myo_frac=1.0000 a_align_x=0.6476 ac_align_x=0.6649 model=linear
step=50 max_u=1.0000e+00 c_mean=4.5980e+00 c_y=3.5546e+00 c_m=1.0434e+00 g_mean=2.1679e-01 p_mean=0.5233 tgf_mean=1.0000 chemo_mean=0.0078 smad_mean=0.7785 erk_mean=0.5661 infl_mean=0.0000 scar_mean=0.0000 myo_frac=1.0000 a_align_x=0.6559 ac_align_x=0.6836 model=linear
step=60 max_u=1.0000e+00 c_mean=5.5370e+00 c_y=4.0588e+00 c_m=1.4783e+00 g_mean=3.1654e-01 p_mean=0.5237 tgf_mean=1.0000 chemo_mean=0.0088 smad_mean=0.7786 erk_mean=0.5662 infl_mean=0.0000 scar_mean=0.0000 myo_frac=0.9750 a_align_x=0.6669 ac_align_x=0.7039 model=linear
step=70 max_u=1.0000e+00 c_mean=6.4589e+00 c_y=4.4964e+00 c_m=1.9625e+00 g_mean=4.3377e-01 p_mean=0.5239 tgf_mean=1.0000 chemo_mean=0.0096 smad_mean=0.7786 erk_mean=0.5663 infl_mean=0.0000 scar_mean=0.0000 myo_frac=1.0000 a_align_x=0.6796 ac_align_x=0.7267 model=linear
step=80 max_u=1.0000e+00 c_mean=7.3628e+00 c_y=4.8748e+00 c_m=2.4880e+00 g_mean=5.6801e-01 p_mean=0.5240 tgf_mean=1.0000 chemo_mean=0.0103 smad_mean=0.7786 erk_mean=0.5664 infl_mean=0.0000 scar_mean=0.0000 myo_frac=1.0000 a_align_x=0.6931 ac_align_x=0.7494 model=linear
step=90 max_u=1.0000e+00 c_mean=8.2416e+00 c_y=5.1946e+00 c_m=3.0470e+00 g_mean=7.1863e-01 p_mean=0.5241 tgf_mean=1.0000 chemo_mean=0.0109 smad_mean=0.7786 erk_mean=0.5664 infl_mean=0.0000 scar_mean=0.0000 myo_frac=0.9625 a_align_x=0.7076 ac_align_x=0.7731 model=linear
step=100 max_u=1.0000e+00 c_mean=9.1104e+00 c_y=5.4774e+00 c_m=3.6330e+00 g_mean=8.8511e-01 p_mean=0.5242 tgf_mean=1.0000 chemo_mean=0.0114 smad_mean=0.7786 erk_mean=0.5665 infl_mean=0.0000 scar_mean=0.0000 myo_frac=0.9875 a_align_x=0.7234 ac_align_x=0.7970 model=linear
step=110 max_u=1.0000e+00 c_mean=9.9609e+00 c_y=5.7196e+00 c_m=4.2413e+00 g_mean=1.0670e+00 p_mean=0.5243 tgf_mean=1.0000 chemo_mean=0.0119 smad_mean=0.7786 erk_mean=0.5665 infl_mean=0.0000 scar_mean=0.0000 myo_frac=0.9875 a_align_x=0.7388 ac_align_x=0.8189 model=linear
step=120 max_u=1.0000e+00 c_mean=1.0796e+01 c_y=5.9292e+00 c_m=4.8668e+00 g_mean=1.2639e+00 p_mean=0.5244 tgf_mean=1.0000 chemo_mean=0.0123 smad_mean=0.7787 erk_mean=0.5666 infl_mean=0.0000 scar_mean=0.0000 myo_frac=1.0000 a_align_x=0.7546 ac_align_x=0.8388 model=linear
step=130 max_u=1.0000e+00 c_mean=1.1610e+01 c_y=6.1046e+00 c_m=5.5057e+00 g_mean=1.4753e+00 p_mean=0.5244 tgf_mean=1.0000 chemo_mean=0.0127 smad_mean=0.7787 erk_mean=0.5666 infl_mean=0.0000 scar_mean=0.0000 myo_frac=1.0000 a_align_x=0.7708 ac_align_x=0.8564 model=linear
step=140 max_u=1.0000e+00 c_mean=1.2400e+01 c_y=6.2461e+00 c_m=6.1535e+00 g_mean=1.7004e+00 p_mean=0.5245 tgf_mean=1.0000 chemo_mean=0.0131 smad_mean=0.7787 erk_mean=0.5667 infl_mean=0.0000 scar_mean=0.0000 myo_frac=1.0000 a_align_x=0.7867 ac_align_x=0.8718 model=linear
step=150 max_u=1.0000e+00 c_mean=1.3178e+01 c_y=6.3710e+00 c_m=6.8068e+00 g_mean=1.9389e+00 p_mean=0.5246 tgf_mean=1.0000 chemo_mean=0.0134 smad_mean=0.7787 erk_mean=0.5667 infl_mean=0.0000 scar_mean=0.0000 myo_frac=1.0000 a_align_x=0.8028 ac_align_x=0.8851 model=linear
step=160 max_u=1.0000e+00 c_mean=1.3941e+01 c_y=6.4771e+00 c_m=7.4635e+00 g_mean=2.1904e+00 p_mean=0.5247 tgf_mean=1.0000 chemo_mean=0.0138 smad_mean=0.7787 erk_mean=0.5668 infl_mean=0.0000 scar_mean=0.0000 myo_frac=1.0000 a_align_x=0.8174 ac_align_x=0.8971 model=linear
step=170 max_u=1.0000e+00 c_mean=1.4688e+01 c_y=6.5665e+00 c_m=8.1216e+00 g_mean=2.4544e+00 p_mean=0.5248 tgf_mean=1.0000 chemo_mean=0.0141 smad_mean=0.7787 erk_mean=0.5668 infl_mean=0.0000 scar_mean=0.0000 myo_frac=0.9875 a_align_x=0.8307 ac_align_x=0.9074 model=linear
step=180 max_u=1.0000e+00 c_mean=1.5431e+01 c_y=6.6511e+00 c_m=8.7796e+00 g_mean=2.7305e+00 p_mean=0.5249 tgf_mean=1.0000 chemo_mean=0.0145 smad_mean=0.7787 erk_mean=0.5668 infl_mean=0.0000 scar_mean=0.0000 myo_frac=0.9875 a_align_x=0.8437 ac_align_x=0.9161 model=linear
step=190 max_u=1.0000e+00 c_mean=1.6161e+01 c_y=6.7245e+00 c_m=9.4366e+00 g_mean=3.0186e+00 p_mean=0.5249 tgf_mean=1.0000 chemo_mean=0.0148 smad_mean=0.7787 erk_mean=0.5669 infl_mean=0.0000 scar_mean=0.0000 myo_frac=0.9875 a_align_x=0.8553 ac_align_x=0.9249 model=linear
step=200 max_u=1.0000e+00 c_mean=1.6870e+01 c_y=6.7790e+00 c_m=1.0091e+01 g_mean=3.3182e+00 p_mean=0.5250 tgf_mean=1.0000 chemo_mean=0.0151 smad_mean=0.7787 erk_mean=0.5669 infl_mean=0.0000 scar_mean=0.0000 myo_frac=1.0000 a_align_x=0.8664 ac_align_x=0.9336 model=linear
step=210 max_u=1.0000e+00 c_mean=1.7557e+01 c_y=6.8164e+00 c_m=1.0740e+01 g_mean=3.6286e+00 p_mean=0.5251 tgf_mean=1.0000 chemo_mean=0.0155 smad_mean=0.7787 erk_mean=0.5669 infl_mean=0.0000 scar_mean=0.0000 myo_frac=0.9875 a_align_x=0.8769 ac_align_x=0.9405 model=linear
step=220 max_u=1.0000e+00 c_mean=1.8240e+01 c_y=6.8557e+00 c_m=1.1384e+01 g_mean=3.9495e+00 p_mean=0.5251 tgf_mean=1.0000 chemo_mean=0.0157 smad_mean=0.7787 erk_mean=0.5670 infl_mean=0.0000 scar_mean=0.0000 myo_frac=1.0000 a_align_x=0.8855 ac_align_x=0.9457 model=linear
step=230 max_u=1.0000e+00 c_mean=1.8911e+01 c_y=6.8891e+00 c_m=1.2022e+01 g_mean=4.2807e+00 p_mean=0.5251 tgf_mean=1.0000 chemo_mean=0.0159 smad_mean=0.7787 erk_mean=0.5670 infl_mean=0.0000 scar_mean=0.0000 myo_frac=1.0000 a_align_x=0.8937 ac_align_x=0.9498 model=linear
step=240 max_u=1.0000e+00 c_mean=1.9569e+01 c_y=6.9157e+00 c_m=1.2653e+01 g_mean=4.6219e+00 p_mean=0.5251 tgf_mean=1.0000 chemo_mean=0.0161 smad_mean=0.7787 erk_mean=0.5670 infl_mean=0.0000 scar_mean=0.0000 myo_frac=1.0000 a_align_x=0.9011 ac_align_x=0.9542 model=linear
step=250 max_u=1.0000e+00 c_mean=2.0212e+01 c_y=6.9347e+00 c_m=1.3277e+01 g_mean=4.9725e+00 p_mean=0.5251 tgf_mean=1.0000 chemo_mean=0.0162 smad_mean=0.7787 erk_mean=0.5670 infl_mean=0.0000 scar_mean=0.0000 myo_frac=1.0000 a_align_x=0.9075 ac_align_x=0.9588 model=linear
step=260 max_u=1.0000e+00 c_mean=2.0838e+01 c_y=6.9453e+00 c_m=1.3893e+01 g_mean=5.3324e+00 p_mean=0.5250 tgf_mean=1.0000 chemo_mean=0.0162 smad_mean=0.7787 erk_mean=0.5670 infl_mean=0.0000 scar_mean=0.0000 myo_frac=1.0000 a_align_x=0.9137 ac_align_x=0.9628 model=linear
step=270 max_u=1.0000e+00 c_mean=2.1459e+01 c_y=6.9590e+00 c_m=1.4500e+01 g_mean=5.7010e+00 p_mean=0.5249 tgf_mean=1.0000 chemo_mean=0.0161 smad_mean=0.7787 erk_mean=0.5670 infl_mean=0.0000 scar_mean=0.0000 myo_frac=1.0000 a_align_x=0.9198 ac_align_x=0.9662 model=linear
step=280 max_u=1.0000e+00 c_mean=2.2076e+01 c_y=6.9761e+00 c_m=1.5100e+01 g_mean=6.0783e+00 p_mean=0.5249 tgf_mean=1.0000 chemo_mean=0.0160 smad_mean=0.7787 erk_mean=0.5670 infl_mean=0.0000 scar_mean=0.0000 myo_frac=1.0000 a_align_x=0.9256 ac_align_x=0.9694 model=linear
step=290 max_u=1.0000e+00 c_mean=2.2668e+01 c_y=6.9762e+00 c_m=1.5692e+01 g_mean=6.4639e+00 p_mean=0.5248 tgf_mean=1.0000 chemo_mean=0.0158 smad_mean=0.7787 erk_mean=0.5670 infl_mean=0.0000 scar_mean=0.0000 myo_frac=0.9750 a_align_x=0.9314 ac_align_x=0.9719 model=linear
step=300 max_u=1.0000e+00 c_mean=2.3239e+01 c_y=6.9659e+00 c_m=1.6273e+01 g_mean=6.8571e+00 p_mean=0.5248 tgf_mean=1.0000 chemo_mean=0.0157 smad_mean=0.7787 erk_mean=0.5670 infl_mean=0.0000 scar_mean=0.0000 myo_frac=1.0000 a_align_x=0.9367 ac_align_x=0.9748 model=linear
step=310 max_u=1.0000e+00 c_mean=2.3810e+01 c_y=6.9661e+00 c_m=1.6844e+01 g_mean=7.2578e+00 p_mean=0.5247 tgf_mean=1.0000 chemo_mean=0.0155 smad_mean=0.7787 erk_mean=0.5670 infl_mean=0.0000 scar_mean=0.0000 myo_frac=1.0000 a_align_x=0.9409 ac_align_x=0.9776 model=linear
step=320 max_u=1.0000e+00 c_mean=2.4375e+01 c_y=6.9687e+00 c_m=1.7407e+01 g_mean=7.6658e+00 p_mean=0.5247 tgf_mean=1.0000 chemo_mean=0.0153 smad_mean=0.7787 erk_mean=0.5669 infl_mean=0.0000 scar_mean=0.0000 myo_frac=1.0000 a_align_x=0.9447 ac_align_x=0.9802 model=linear
step=330 max_u=1.0000e+00 c_mean=2.4939e+01 c_y=6.9783e+00 c_m=1.7961e+01 g_mean=8.0810e+00 p_mean=0.5246 tgf_mean=1.0000 chemo_mean=0.0151 smad_mean=0.7787 erk_mean=0.5669 infl_mean=0.0000 scar_mean=0.0000 myo_frac=1.0000 a_align_x=0.9476 ac_align_x=0.9824 model=linear
step=340 max_u=1.0000e+00 c_mean=2.5502e+01 c_y=6.9946e+00 c_m=1.8508e+01 g_mean=8.5033e+00 p_mean=0.5246 tgf_mean=1.0000 chemo_mean=0.0149 smad_mean=0.7787 erk_mean=0.5669 infl_mean=0.0000 scar_mean=0.0000 myo_frac=0.9875 a_align_x=0.9503 ac_align_x=0.9843 model=linear
step=350 max_u=1.0000e+00 c_mean=2.6057e+01 c_y=7.0086e+00 c_m=1.9048e+01 g_mean=8.9325e+00 p_mean=0.5245 tgf_mean=1.0000 chemo_mean=0.0147 smad_mean=0.7787 erk_mean=0.5669 infl_mean=0.0000 scar_mean=0.0000 myo_frac=1.0000 a_align_x=0.9528 ac_align_x=0.9858 model=linear
step=360 max_u=1.0000e+00 c_mean=2.6597e+01 c_y=7.0163e+00 c_m=1.9581e+01 g_mean=9.3683e+00 p_mean=0.5244 tgf_mean=1.0000 chemo_mean=0.0144 smad_mean=0.7787 erk_mean=0.5668 infl_mean=0.0000 scar_mean=0.0000 myo_frac=1.0000 a_align_x=0.9555 ac_align_x=0.9870 model=linear
step=370 max_u=1.0000e+00 c_mean=2.7118e+01 c_y=7.0126e+00 c_m=2.0105e+01 g_mean=9.8103e+00 p_mean=0.5244 tgf_mean=1.0000 chemo_mean=0.0142 smad_mean=0.7787 erk_mean=0.5668 infl_mean=0.0000 scar_mean=0.0000 myo_frac=1.0000 a_align_x=0.9593 ac_align_x=0.9880 model=linear
step=380 max_u=1.0000e+00 c_mean=2.7622e+01 c_y=7.0006e+00 c_m=2.0621e+01 g_mean=1.0258e+01 p_mean=0.5243 tgf_mean=1.0000 chemo_mean=0.0140 smad_mean=0.7787 erk_mean=0.5668 infl_mean=0.0000 scar_mean=0.0000 myo_frac=0.9875 a_align_x=0.9628 ac_align_x=0.9889 model=linear
step=390 max_u=1.0000e+00 c_mean=2.8117e+01 c_y=6.9899e+00 c_m=2.1127e+01 g_mean=1.0711e+01 p_mean=0.5243 tgf_mean=1.0000 chemo_mean=0.0139 smad_mean=0.7786 erk_mean=0.5668 infl_mean=0.0000 scar_mean=0.0000 myo_frac=1.0000 a_align_x=0.9662 ac_align_x=0.9896 model=linear
step=400 max_u=1.0000e+00 c_mean=2.8592e+01 c_y=6.9694e+00 c_m=2.1623e+01 g_mean=1.1170e+01 p_mean=0.5243 tgf_mean=1.0000 chemo_mean=0.0137 smad_mean=0.7786 erk_mean=0.5668 infl_mean=0.0000 scar_mean=0.0000 myo_frac=1.0000 a_align_x=0.9692 ac_align_x=0.9902 model=linear
step=410 max_u=1.0000e+00 c_mean=2.9066e+01 c_y=6.9565e+00 c_m=2.2109e+01 g_mean=1.1633e+01 p_mean=0.5242 tgf_mean=1.0000 chemo_mean=0.0136 smad_mean=0.7786 erk_mean=0.5667 infl_mean=0.0000 scar_mean=0.0000 myo_frac=0.9875 a_align_x=0.9721 ac_align_x=0.9906 model=linear
step=420 max_u=1.0000e+00 c_mean=2.9527e+01 c_y=6.9412e+00 c_m=2.2586e+01 g_mean=1.2101e+01 p_mean=0.5242 tgf_mean=1.0000 chemo_mean=0.0135 smad_mean=0.7786 erk_mean=0.5667 infl_mean=0.0000 scar_mean=0.0000 myo_frac=1.0000 a_align_x=0.9747 ac_align_x=0.9910 model=linear
step=430 max_u=1.0000e+00 c_mean=2.9989e+01 c_y=6.9352e+00 c_m=2.3054e+01 g_mean=1.2574e+01 p_mean=0.5242 tgf_mean=1.0000 chemo_mean=0.0134 smad_mean=0.7786 erk_mean=0.5667 infl_mean=0.0000 scar_mean=0.0000 myo_frac=1.0000 a_align_x=0.9772 ac_align_x=0.9914 model=linear
step=440 max_u=1.0000e+00 c_mean=3.0460e+01 c_y=6.9453e+00 c_m=2.3514e+01 g_mean=1.3051e+01 p_mean=0.5242 tgf_mean=1.0000 chemo_mean=0.0132 smad_mean=0.7786 erk_mean=0.5667 infl_mean=0.0000 scar_mean=0.0000 myo_frac=0.9875 a_align_x=0.9796 ac_align_x=0.9916 model=linear
step=450 max_u=1.0000e+00 c_mean=3.0928e+01 c_y=6.9595e+00 c_m=2.3969e+01 g_mean=1.3532e+01 p_mean=0.5241 tgf_mean=1.0000 chemo_mean=0.0131 smad_mean=0.7786 erk_mean=0.5667 infl_mean=0.0000 scar_mean=0.0000 myo_frac=1.0000 a_align_x=0.9817 ac_align_x=0.9919 model=linear
step=460 max_u=1.0000e+00 c_mean=3.1401e+01 c_y=6.9830e+00 c_m=2.4418e+01 g_mean=1.4019e+01 p_mean=0.5241 tgf_mean=1.0000 chemo_mean=0.0130 smad_mean=0.7786 erk_mean=0.5667 infl_mean=0.0000 scar_mean=0.0000 myo_frac=1.0000 a_align_x=0.9834 ac_align_x=0.9920 model=linear
step=470 max_u=1.0000e+00 c_mean=3.1876e+01 c_y=7.0125e+00 c_m=2.4864e+01 g_mean=1.4509e+01 p_mean=0.5241 tgf_mean=1.0000 chemo_mean=0.0130 smad_mean=0.7786 erk_mean=0.5667 infl_mean=0.0000 scar_mean=0.0000 myo_frac=1.0000 a_align_x=0.9850 ac_align_x=0.9922 model=linear
step=480 max_u=1.0000e+00 c_mean=3.2344e+01 c_y=7.0378e+00 c_m=2.5306e+01 g_mean=1.5005e+01 p_mean=0.5241 tgf_mean=1.0000 chemo_mean=0.0129 smad_mean=0.7786 erk_mean=0.5667 infl_mean=0.0000 scar_mean=0.0000 myo_frac=1.0000 a_align_x=0.9863 ac_align_x=0.9923 model=linear
step=490 max_u=1.0000e+00 c_mean=3.2800e+01 c_y=7.0568e+00 c_m=2.5743e+01 g_mean=1.5504e+01 p_mean=0.5241 tgf_mean=1.0000 chemo_mean=0.0128 smad_mean=0.7786 erk_mean=0.5667 infl_mean=0.0000 scar_mean=0.0000 myo_frac=1.0000 a_align_x=0.9874 ac_align_x=0.9924 model=linear
step=500 max_u=1.0000e+00 c_mean=3.3241e+01 c_y=7.0650e+00 c_m=2.6176e+01 g_mean=1.6008e+01 p_mean=0.5240 tgf_mean=1.0000 chemo_mean=0.0127 smad_mean=0.7786 erk_mean=0.5667 infl_mean=0.0000 scar_mean=0.0000 myo_frac=1.0000 a_align_x=0.9884 ac_align_x=0.9925 model=linear
step=510 max_u=1.0000e+00 c_mean=3.3671e+01 c_y=7.0690e+00 c_m=2.6602e+01 g_mean=1.6515e+01 p_mean=0.5240 tgf_mean=1.0000 chemo_mean=0.0126 smad_mean=0.7786 erk_mean=0.5666 infl_mean=0.0000 scar_mean=0.0000 myo_frac=1.0000 a_align_x=0.9892 ac_align_x=0.9925 model=linear
animation_mp4=False
animation_gif=True
