device=cpu
step=0 max_u=2.8000e+00 c_mean=3.2457e-02 c_y=3.2457e-02 c_m=0.0000e+00 g_mean=6.4914e-05 p_mean=0.0059 tgf_mean=0.0100 chemo_mean=0.0017 smad_mean=0.0024 erk_mean=0.0105 infl_mean=0.0000 scar_mean=0.0000 myo_frac=0.0000 a_align_x=0.6285 ac_align_x=0.6284 model=linear
step=10 max_u=2.8000e+00 c_mean=3.6108e-01 c_y=3.4040e-01 c_m=2.0680e-02 g_mean=4.2967e-03 p_mean=0.1029 tgf_mean=0.1016 chemo_mean=0.0172 smad_mean=0.1403 erk_mean=0.0864 infl_mean=0.0000 scar_mean=0.0000 myo_frac=0.0000 a_align_x=0.6296 ac_align_x=0.6316 model=linear
step=20 max_u=2.8000e+00 c_mean=7.0351e-01 c_y=6.2702e-01 c_m=7.6496e-02 g_mean=1.5173e-02 p_mean=0.2096 tgf_mean=0.1796 chemo_mean=0.0303 smad_mean=0.3325 erk_mean=0.1319 infl_mean=0.0000 scar_mean=0.0000 myo_frac=0.0125 a_align_x=0.6337 ac_align_x=0.6414 model=linear
step=30 max_u=2.8000e+00 c_mean=1.0969e+00 c_y=9.3127e-01 c_m=1.6559e-01 g_mean=3.3161e-02 p_mean=0.2814 tgf_mean=0.2459 chemo_mean=0.0415 smad_mean=0.4633 erk_mean=0.1631 infl_mean=0.0000 scar_mean=0.0000 myo_frac=0.1500 a_align_x=0.6403 ac_align_x=0.6543 model=linear
step=40 max_u=2.8000e+00 c_mean=1.6891e+00 c_y=1.3928e+00 c_m=2.9628e-01 g_mean=6.0670e-02 p_mean=0.3232 tgf_mean=0.3024 chemo_mean=0.0512 smad_mean=0.5356 erk_mean=0.1864 infl_mean=0.0000 scar_mean=0.0000 myo_frac=0.5625 a_align_x=0.6481 ac_align_x=0.6720 model=linear
step=50 max_u=2.8000e+00 c_mean=2.4874e+00 c_y=1.9980e+00 c_m=4.8932e-01 g_mean=1.0221e-01 p_mean=0.3493 tgf_mean=0.3504 chemo_mean=0.0598 smad_mean=0.5775 erk_mean=0.2048 infl_mean=0.0000 scar_mean=0.0000 myo_frac=0.8375 a_align_x=0.6568 ac_align_x=0.6938 model=linear
step=60 max_u=2.8000e+00 c_mean=3.3555e+00 c_y=2.6024e+00 c_m=7.5307e-01 g_mean=1.6029e-01 p_mean=0.3675 tgf_mean=0.3913 chemo_mean=0.0676 smad_mean=0.6049 erk_mean=0.2196 infl_mean=0.0000 scar_mean=0.0000 myo_frac=0.8375 a_align_x=0.6679 ac_align_x=0.7181 model=linear
step=70 max_u=2.8000e+00 c_mean=4.2309e+00 c_y=3.1501e+00 c_m=1.0808e+00 g_mean=2.3504e-01 p_mean=0.3808 tgf_mean=0.4261 chemo_mean=0.0743 smad_mean=0.6245 erk_mean=0.2318 infl_mean=0.0000 scar_mean=0.0000 myo_frac=0.9250 a_align_x=0.6808 ac_align_x=0.7427 model=linear
step=80 max_u=2.8000e+00 c_mean=5.1053e+00 c_y=3.6392e+00 c_m=1.4660e+00 g_mean=3.2657e-01 p_mean=0.3910 tgf_mean=0.4558 chemo_mean=0.0798 smad_mean=0.6392 erk_mean=0.2417 infl_mean=0.0000 scar_mean=0.0000 myo_frac=0.9375 a_align_x=0.6948 ac_align_x=0.7666 model=linear
step=90 max_u=2.8000e+00 c_mean=5.9648e+00 c_y=4.0651e+00 c_m=1.8997e+00 g_mean=4.3439e-01 p_mean=0.3991 tgf_mean=0.4810 chemo_mean=0.0843 smad_mean=0.6507 erk_mean=0.2499 infl_mean=0.0000 scar_mean=0.0000 myo_frac=0.9000 a_align_x=0.7096 ac_align_x=0.7922 model=linear
step=100 max_u=2.8000e+00 c_mean=6.8079e+00 c_y=4.4341e+00 c_m=2.3738e+00 g_mean=5.5804e-01 p_mean=0.4055 tgf_mean=0.5024 chemo_mean=0.0880 smad_mean=0.6597 erk_mean=0.2566 infl_mean=0.0000 scar_mean=0.0000 myo_frac=0.9625 a_align_x=0.7256 ac_align_x=0.8164 model=linear
step=110 max_u=2.8000e+00 c_mean=7.6545e+00 c_y=4.7719e+00 c_m=2.8827e+00 g_mean=6.9729e-01 p_mean=0.4107 tgf_mean=0.5207 chemo_mean=0.0909 smad_mean=0.6669 erk_mean=0.2622 infl_mean=0.0000 scar_mean=0.0000 myo_frac=0.9625 a_align_x=0.7405 ac_align_x=0.8400 model=linear
step=120 max_u=2.8000e+00 c_mean=8.4934e+00 c_y=5.0716e+00 c_m=3.4218e+00 g_mean=8.5195e-01 p_mean=0.4149 tgf_mean=0.5362 chemo_mean=0.0931 smad_mean=0.6728 erk_mean=0.2667 infl_mean=0.0000 scar_mean=0.0000 myo_frac=1.0000 a_align_x=0.7551 ac_align_x=0.8607 model=linear
step=130 max_u=2.8000e+00 c_mean=9.3060e+00 c_y=5.3203e+00 c_m=3.9857e+00 g_mean=1.0216e+00 p_mean=0.4184 tgf_mean=0.5494 chemo_mean=0.0949 smad_mean=0.6776 erk_mean=0.2705 infl_mean=0.0000 scar_mean=0.0000 myo_frac=0.9875 a_align_x=0.7704 ac_align_x=0.8776 model=linear
step=140 max_u=2.8000e+00 c_mean=1.0083e+01 c_y=5.5159e+00 c_m=4.5674e+00 g_mean=1.2053e+00 p_mean=0.4213 tgf_mean=0.5607 chemo_mean=0.0965 smad_mean=0.6816 erk_mean=0.2737 infl_mean=0.0000 scar_mean=0.0000 myo_frac=0.9625 a_align_x=0.7861 ac_align_x=0.8903 model=linear
step=150 max_u=2.8000e+00 c_mean=1.0845e+01 c_y=5.6837e+00 c_m=5.1613e+00 g_mean=1.4024e+00 p_mean=0.4237 tgf_mean=0.5703 chemo_mean=0.0979 smad_mean=0.6849 erk_mean=0.2763 infl_mean=0.0000 scar_mean=0.0000 myo_frac=0.9875 a_align_x=0.8008 ac_align_x=0.9004 model=linear
step=160 max_u=2.8000e+00 c_mean=1.1581e+01 c_y=5.8177e+00 c_m=5.7636e+00 g_mean=1.6125e+00 p_mean=0.4257 tgf_mean=0.5784 chemo_mean=0.0992 smad_mean=0.6876 erk_mean=0.2786 infl_mean=0.0000 scar_mean=0.0000 myo_frac=1.0000 a_align_x=0.8160 ac_align_x=0.9096 model=linear
step=170 max_u=2.8000e+00 c_mean=1.2291e+01 c_y=5.9199e+00 c_m=6.3713e+00 g_mean=1.8349e+00 p_mean=0.4275 tgf_mean=0.5854 chemo_mean=0.1005 smad_mean=0.6899 erk_mean=0.2805 infl_mean=0.0000 scar_mean=0.0000 myo_frac=0.9750 a_align_x=0.8308 ac_align_x=0.9173 model=linear
step=180 max_u=2.8000e+00 c_mean=1.2982e+01 c_y=6.0020e+00 c_m=6.9799e+00 g_mean=2.0689e+00 p_mean=0.4290 tgf_mean=0.5913 chemo_mean=0.1018 smad_mean=0.6918 erk_mean=0.2821 infl_mean=0.0000 scar_mean=0.0000 myo_frac=0.9875 a_align_x=0.8450 ac_align_x=0.9266 model=linear
step=190 max_u=2.8000e+00 c_mean=1.3659e+01 c_y=6.0708e+00 c_m=7.5879e+00 g_mean=2.3142e+00 p_mean=0.4302 tgf_mean=0.5963 chemo_mean=0.1032 smad_mean=0.6934 erk_mean=0.2836 infl_mean=0.0000 scar_mean=0.0000 myo_frac=0.9750 a_align_x=0.8574 ac_align_x=0.9360 model=linear
step=200 max_u=2.8000e+00 c_mean=1.4319e+01 c_y=6.1250e+00 c_m=8.1935e+00 g_mean=2.5704e+00 p_mean=0.4313 tgf_mean=0.6006 chemo_mean=0.1046 smad_mean=0.6948 erk_mean=0.2848 infl_mean=0.0000 scar_mean=0.0000 myo_frac=0.9750 a_align_x=0.8689 ac_align_x=0.9443 model=linear
step=210 max_u=2.8000e+00 c_mean=1.4978e+01 c_y=6.1818e+00 c_m=8.7961e+00 g_mean=2.8371e+00 p_mean=0.4322 tgf_mean=0.6042 chemo_mean=0.1060 smad_mean=0.6959 erk_mean=0.2860 infl_mean=0.0000 scar_mean=0.0000 myo_frac=0.9750 a_align_x=0.8788 ac_align_x=0.9519 model=linear
step=220 max_u=2.8000e+00 c_mean=1.5633e+01 c_y=6.2375e+00 c_m=9.3959e+00 g_mean=3.1143e+00 p_mean=0.4330 tgf_mean=0.6073 chemo_mean=0.1075 smad_mean=0.6969 erk_mean=0.2869 infl_mean=0.0000 scar_mean=0.0000 myo_frac=0.9875 a_align_x=0.8874 ac_align_x=0.9591 model=linear
step=230 max_u=2.8000e+00 c_mean=1.6271e+01 c_y=6.2785e+00 c_m=9.9921e+00 g_mean=3.4015e+00 p_mean=0.4336 tgf_mean=0.6099 chemo_mean=0.1088 smad_mean=0.6977 erk_mean=0.2878 infl_mean=0.0000 scar_mean=0.0000 myo_frac=0.9750 a_align_x=0.8947 ac_align_x=0.9651 model=linear
step=240 max_u=2.8000e+00 c_mean=1.6900e+01 c_y=6.3165e+00 c_m=1.0583e+01 g_mean=3.6985e+00 p_mean=0.4342 tgf_mean=0.6122 chemo_mean=0.1100 smad_mean=0.6984 erk_mean=0.2885 infl_mean=0.0000 scar_mean=0.0000 myo_frac=1.0000 a_align_x=0.9009 ac_align_x=0.9696 model=linear
step=250 max_u=2.8000e+00 c_mean=1.7519e+01 c_y=6.3496e+00 c_m=1.1169e+01 g_mean=4.0049e+00 p_mean=0.4346 tgf_mean=0.6141 chemo_mean=0.1109 smad_mean=0.6989 erk_mean=0.2892 infl_mean=0.0000 scar_mean=0.0000 myo_frac=0.9875 a_align_x=0.9066 ac_align_x=0.9737 model=linear
step=260 max_u=2.8000e+00 c_mean=1.8125e+01 c_y=6.3750e+00 c_m=1.1750e+01 g_mean=4.3205e+00 p_mean=0.4349 tgf_mean=0.6157 chemo_mean=0.1114 smad_mean=0.6994 erk_mean=0.2897 infl_mean=0.0000 scar_mean=0.0000 myo_frac=0.9625 a_align_x=0.9122 ac_align_x=0.9775 model=linear
step=270 max_u=2.8000e+00 c_mean=1.8737e+01 c_y=6.4131e+00 c_m=1.2324e+01 g_mean=4.6451e+00 p_mean=0.4351 tgf_mean=0.6171 chemo_mean=0.1115 smad_mean=0.6998 erk_mean=0.2900 infl_mean=0.0000 scar_mean=0.0000 myo_frac=0.9875 a_align_x=0.9174 ac_align_x=0.9809 model=linear
step=280 max_u=2.8000e+00 c_mean=1.9359e+01 c_y=6.4633e+00 c_m=1.2895e+01 g_mean=4.9787e+00 p_mean=0.4352 tgf_mean=0.6183 chemo_mean=0.1111 smad_mean=0.7002 erk_mean=0.2903 infl_mean=0.0000 scar_mean=0.0000 myo_frac=0.9875 a_align_x=0.9233 ac_align_x=0.9836 model=linear
step=290 max_u=2.8000e+00 c_mean=1.9968e+01 c_y=6.5056e+00 c_m=1.3463e+01 g_mean=5.3212e+00 p_mean=0.4353 tgf_mean=0.6193 chemo_mean=0.1102 smad_mean=0.7005 erk_mean=0.2904 infl_mean=0.0000 scar_mean=0.0000 myo_frac=0.9625 a_align_x=0.9287 ac_align_x=0.9856 model=linear
step=300 max_u=2.8000e+00 c_mean=2.0582e+01 c_y=6.5558e+00 c_m=1.4026e+01 g_mean=5.6726e+00 p_mean=0.4354 tgf_mean=0.6201 chemo_mean=0.1092 smad_mean=0.7007 erk_mean=0.2905 infl_mean=0.0000 scar_mean=0.0000 myo_frac=0.9750 a_align_x=0.9334 ac_align_x=0.9870 model=linear
step=310 max_u=2.8000e+00 c_mean=2.1181e+01 c_y=6.5941e+00 c_m=1.4587e+01 g_mean=6.0325e+00 p_mean=0.4356 tgf_mean=0.6209 chemo_mean=0.1081 smad_mean=0.7010 erk_mean=0.2904 infl_mean=0.0000 scar_mean=0.0000 myo_frac=0.9500 a_align_x=0.9380 ac_align_x=0.9881 model=linear
step=320 max_u=2.8000e+00 c_mean=2.1770e+01 c_y=6.6266e+00 c_m=1.5143e+01 g_mean=6.4007e+00 p_mean=0.4357 tgf_mean=0.6215 chemo_mean=0.1070 smad_mean=0.7012 erk_mean=0.2904 infl_mean=0.0000 scar_mean=0.0000 myo_frac=0.9625 a_align_x=0.9422 ac_align_x=0.9888 model=linear
step=330 max_u=2.8000e+00 c_mean=2.2341e+01 c_y=6.6483e+00 c_m=1.5693e+01 g_mean=6.7767e+00 p_mean=0.4359 tgf_mean=0.6220 chemo_mean=0.1060 smad_mean=0.7013 erk_mean=0.2904 infl_mean=0.0000 scar_mean=0.0000 myo_frac=0.9750 a_align_x=0.9462 ac_align_x=0.9892 model=linear
step=340 max_u=2.8000e+00 c_mean=2.2895e+01 c_y=6.6588e+00 c_m=1.6237e+01 g_mean=7.1602e+00 p_mean=0.4360 tgf_mean=0.6224 chemo_mean=0.1052 smad_mean=0.7015 erk_mean=0.2903 infl_mean=0.0000 scar_mean=0.0000 myo_frac=0.9500 a_align_x=0.9503 ac_align_x=0.9894 model=linear
step=350 max_u=2.8000e+00 c_mean=2.3446e+01 c_y=6.6726e+00 c_m=1.6773e+01 g_mean=7.5508e+00 p_mean=0.4362 tgf_mean=0.6228 chemo_mean=0.1046 smad_mean=0.7016 erk_mean=0.2903 infl_mean=0.0000 scar_mean=0.0000 myo_frac=0.9375 a_align_x=0.9545 ac_align_x=0.9894 model=linear
step=360 max_u=2.8000e+00 c_mean=2.3980e+01 c_y=6.6785e+00 c_m=1.7302e+01 g_mean=7.9483e+00 p_mean=0.4364 tgf_mean=0.6232 chemo_mean=0.1043 smad_mean=0.7018 erk_mean=0.2904 infl_mean=0.0000 scar_mean=0.0000 myo_frac=1.0000 a_align_x=0.9592 ac_align_x=0.9892 model=linear
step=370 max_u=2.8000e+00 c_mean=2.4521e+01 c_y=6.6977e+00 c_m=1.7824e+01 g_mean=8.3526e+00 p_mean=0.4367 tgf_mean=0.6234 chemo_mean=0.1042 smad_mean=0.7019 erk_mean=0.2904 infl_mean=0.0000 scar_mean=0.0000 myo_frac=0.9750 a_align_x=0.9635 ac_align_x=0.9888 model=linear
step=380 max_u=2.8000e+00 c_mean=2.5044e+01 c_y=6.7045e+00 c_m=1.8339e+01 g_mean=8.7634e+00 p_mean=0.4369 tgf_mean=0.6237 chemo_mean=0.1043 smad_mean=0.7020 erk_mean=0.2905 infl_mean=0.0000 scar_mean=0.0000 myo_frac=0.9625 a_align_x=0.9676 ac_align_x=0.9885 model=linear
step=390 max_u=2.8000e+00 c_mean=2.5542e+01 c_y=6.6954e+00 c_m=1.8846e+01 g_mean=9.1804e+00 p_mean=0.4372 tgf_mean=0.6239 chemo_mean=0.1046 smad_mean=0.7021 erk_mean=0.2906 infl_mean=0.0000 scar_mean=0.0000 myo_frac=0.9500 a_align_x=0.9711 ac_align_x=0.9887 model=linear
step=400 max_u=2.8000e+00 c_mean=2.6031e+01 c_y=6.6866e+00 c_m=1.9344e+01 g_mean=9.6028e+00 p_mean=0.4374 tgf_mean=0.6240 chemo_mean=0.1051 smad_mean=0.7022 erk_mean=0.2908 infl_mean=0.0000 scar_mean=0.0000 myo_frac=0.9750 a_align_x=0.9741 ac_align_x=0.9888 model=linear
step=410 max_u=2.8000e+00 c_mean=2.6513e+01 c_y=6.6802e+00 c_m=1.9833e+01 g_mean=1.0031e+01 p_mean=0.4377 tgf_mean=0.6242 chemo_mean=0.1057 smad_mean=0.7022 erk_mean=0.2910 infl_mean=0.0000 scar_mean=0.0000 myo_frac=0.9625 a_align_x=0.9767 ac_align_x=0.9889 model=linear
step=420 max_u=2.8000e+00 c_mean=2.6999e+01 c_y=6.6850e+00 c_m=2.0314e+01 g_mean=1.0464e+01 p_mean=0.4380 tgf_mean=0.6243 chemo_mean=0.1065 smad_mean=0.7023 erk_mean=0.2912 infl_mean=0.0000 scar_mean=0.0000 myo_frac=0.9875 a_align_x=0.9788 ac_align_x=0.9888 model=linear
step=430 max_u=2.8000e+00 c_mean=2.7482e+01 c_y=6.6940e+00 c_m=2.0788e+01 g_mean=1.0903e+01 p_mean=0.4382 tgf_mean=0.6244 chemo_mean=0.1075 smad_mean=0.7024 erk_mean=0.2914 infl_mean=0.0000 scar_mean=0.0000 myo_frac=0.9875 a_align_x=0.9806 ac_align_x=0.9887 model=linear
step=440 max_u=2.8000e+00 c_mean=2.7977e+01 c_y=6.7206e+00 c_m=2.1257e+01 g_mean=1.1347e+01 p_mean=0.4385 tgf_mean=0.6245 chemo_mean=0.1085 smad_mean=0.7024 erk_mean=0.2917 infl_mean=0.0000 scar_mean=0.0000 myo_frac=0.9750 a_align_x=0.9820 ac_align_x=0.9885 model=linear
step=450 max_u=2.8000e+00 c_mean=2.8458e+01 c_y=6.7377e+00 c_m=2.1720e+01 g_mean=1.1796e+01 p_mean=0.4388 tgf_mean=0.6246 chemo_mean=0.1096 smad_mean=0.7025 erk_mean=0.2920 infl_mean=0.0000 scar_mean=0.0000 myo_frac=0.9750 a_align_x=0.9830 ac_align_x=0.9882 model=linear
step=460 max_u=2.8000e+00 c_mean=2.8943e+01 c_y=6.7632e+00 c_m=2.2179e+01 g_mean=1.2251e+01 p_mean=0.4390 tgf_mean=0.6246 chemo_mean=0.1107 smad_mean=0.7025 erk_mean=0.2923 infl_mean=0.0000 scar_mean=0.0000 myo_frac=0.9875 a_align_x=0.9838 ac_align_x=0.9879 model=linear
step=470 max_u=2.8000e+00 c_mean=2.9424e+01 c_y=6.7899e+00 c_m=2.2634e+01 g_mean=1.2710e+01 p_mean=0.4393 tgf_mean=0.6247 chemo_mean=0.1119 smad_mean=0.7026 erk_mean=0.2926 infl_mean=0.0000 scar_mean=0.0000 myo_frac=0.9875 a_align_x=0.9844 ac_align_x=0.9875 model=linear
step=480 max_u=2.8000e+00 c_mean=2.9889e+01 c_y=6.8045e+00 c_m=2.3085e+01 g_mean=1.3175e+01 p_mean=0.4395 tgf_mean=0.6247 chemo_mean=0.1130 smad_mean=0.7026 erk_mean=0.2928 infl_mean=0.0000 scar_mean=0.0000 myo_frac=0.9750 a_align_x=0.9848 ac_align_x=0.9871 model=linear
step=490 max_u=2.8000e+00 c_mean=3.0344e+01 c_y=6.8147e+00 c_m=2.3529e+01 g_mean=1.3644e+01 p_mean=0.4397 tgf_mean=0.6248 chemo_mean=0.1141 smad_mean=0.7026 erk_mean=0.2931 infl_mean=0.0000 scar_mean=0.0000 myo_frac=0.9750 a_align_x=0.9850 ac_align_x=0.9867 model=linear
step=500 max_u=2.8000e+00 c_mean=3.0792e+01 c_y=6.8236e+00 c_m=2.3968e+01 g_mean=1.4117e+01 p_mean=0.4398 tgf_mean=0.6248 chemo_mean=0.1151 smad_mean=0.7027 erk_mean=0.2934 infl_mean=0.0000 scar_mean=0.0000 myo_frac=0.9875 a_align_x=0.9851 ac_align_x=0.9863 model=linear
step=510 max_u=2.8000e+00 c_mean=3.1232e+01 c_y=6.8311e+00 c_m=2.4400e+01 g_mean=1.4594e+01 p_mean=0.4399 tgf_mean=0.6248 chemo_mean=0.1161 smad_mean=0.7027 erk_mean=0.2936 infl_mean=0.0000 scar_mean=0.0000 myo_frac=0.9750 a_align_x=0.9850 ac_align_x=0.9859 model=linear
animation_mp4=False
animation_gif=True
